Using pre-set license
Built from '2022.3/staging' branch; Version is '2022.3.49f1 (4dae1bb8668d) revision 5090843'; Using compiler version '192829333'; Build Type 'Release'
OS: 'Windows 10  (10.0.19045) 64bit Enterprise' Language: 'fi' Physical Memory: 16317 MB
BatchMode: 1, IsHumanControllingUs: 0, StartBugReporterOnCrash: 0, Is64bit: 1, IsPro: 1

COMMAND LINE ARGUMENTS:
C:\Program Files\Unity\Hub\Editor\2022.3.49f1\Editor\Unity.exe
-adb2
-batchMode
-noUpm
-name
AssetImportWorker5
-projectPath
C:/Defends-Game-Basic
-logFile
Logs/AssetImportWorker5.log
-srvPort
49560
Successfully changed project path to: C:/Defends-Game-Basic
C:/Defends-Game-Basic
[UnityMemory] Configuration Parameters - Can be set up in boot.config
    "memorysetup-bucket-allocator-granularity=16"
    "memorysetup-bucket-allocator-bucket-count=8"
    "memorysetup-bucket-allocator-block-size=33554432"
    "memorysetup-bucket-allocator-block-count=8"
    "memorysetup-main-allocator-block-size=16777216"
    "memorysetup-thread-allocator-block-size=16777216"
    "memorysetup-gfx-main-allocator-block-size=16777216"
    "memorysetup-gfx-thread-allocator-block-size=16777216"
    "memorysetup-cache-allocator-block-size=4194304"
    "memorysetup-typetree-allocator-block-size=2097152"
    "memorysetup-profiler-bucket-allocator-granularity=16"
    "memorysetup-profiler-bucket-allocator-bucket-count=8"
    "memorysetup-profiler-bucket-allocator-block-size=33554432"
    "memorysetup-profiler-bucket-allocator-block-count=8"
    "memorysetup-profiler-allocator-block-size=16777216"
    "memorysetup-profiler-editor-allocator-block-size=1048576"
    "memorysetup-temp-allocator-size-main=16777216"
    "memorysetup-job-temp-allocator-block-size=2097152"
    "memorysetup-job-temp-allocator-block-size-background=1048576"
    "memorysetup-job-temp-allocator-reduction-small-platforms=262144"
    "memorysetup-allocator-temp-initial-block-size-main=262144"
    "memorysetup-allocator-temp-initial-block-size-worker=262144"
    "memorysetup-temp-allocator-size-background-worker=32768"
    "memorysetup-temp-allocator-size-job-worker=262144"
    "memorysetup-temp-allocator-size-preload-manager=33554432"
    "memorysetup-temp-allocator-size-nav-mesh-worker=65536"
    "memorysetup-temp-allocator-size-audio-worker=65536"
    "memorysetup-temp-allocator-size-cloud-worker=32768"
    "memorysetup-temp-allocator-size-gi-baking-worker=262144"
    "memorysetup-temp-allocator-size-gfx=262144"
Player connection [23692]  Target information:

Player connection [23692]  * "[IP] 10.20.12.61 [Port] 0 [Flags] 2 [Guid] 1112528053 [EditorId] 1112528053 [Version] 1048832 [Id] WindowsEditor(7,VUOKSI-DT-22) [Debug] 1 [PackageName] WindowsEditor [ProjectName] Editor" 

Player connection [23692] Host joined multi-casting on [225.0.0.222:54997]...
Player connection [23692] Host joined alternative multi-casting on [225.0.0.222:34997]...
[PhysX] Initialized MultithreadedTaskDispatcher with 12 workers.
Refreshing native plugins compatible for Editor in 37.45 ms, found 4 plugins.
Preloading 0 native plugins for Editor in 0.00 ms.
Initialize engine version: 2022.3.49f1 (4dae1bb8668d)
[Subsystems] Discovering subsystems at path C:/Program Files/Unity/Hub/Editor/2022.3.49f1/Editor/Data/Resources/UnitySubsystems
[Subsystems] Discovering subsystems at path C:/Defends-Game-Basic/Assets
GfxDevice: creating device client; threaded=0; jobified=0
Direct3D:
    Version:  Direct3D 11.0 [level 11.1]
    Renderer: NVIDIA GeForce RTX 2060 (ID=0x1f08)
    Vendor:   NVIDIA
    VRAM:     5955 MB
    Driver:   32.0.15.5612
Initialize mono
Mono path[0] = 'C:/Program Files/Unity/Hub/Editor/2022.3.49f1/Editor/Data/Managed'
Mono path[1] = 'C:/Program Files/Unity/Hub/Editor/2022.3.49f1/Editor/Data/MonoBleedingEdge/lib/mono/unityjit-win32'
Mono config path = 'C:/Program Files/Unity/Hub/Editor/2022.3.49f1/Editor/Data/MonoBleedingEdge/etc'
Using monoOptions --debugger-agent=transport=dt_socket,embedding=1,server=y,suspend=n,address=127.0.0.1:56212
Begin MonoManager ReloadAssembly
Registering precompiled unity dll's ...
Register platform support module: C:/Program Files/Unity/Hub/Editor/2022.3.49f1/Editor/Data/PlaybackEngines/WindowsStandaloneSupport/UnityEditor.WindowsStandalone.Extensions.dll
Registered in 0.040237 seconds.
- Loaded All Assemblies, in  0.557 seconds
Native extension for WindowsStandalone target not found
Mono: successfully reloaded assembly
- Finished resetting the current domain, in  0.336 seconds
Domain Reload Profiling: 885ms
	BeginReloadAssembly (194ms)
		ExecutionOrderSort (0ms)
		DisableScriptedObjects (0ms)
		BackupInstance (0ms)
		ReleaseScriptingObjects (0ms)
		CreateAndSetChildDomain (1ms)
	RebuildCommonClasses (46ms)
	RebuildNativeTypeToScriptingClass (13ms)
	initialDomainReloadingComplete (132ms)
	LoadAllAssembliesAndSetupDomain (162ms)
		LoadAssemblies (186ms)
		RebuildTransferFunctionScriptingTraits (0ms)
		AnalyzeDomain (159ms)
			TypeCache.Refresh (157ms)
				TypeCache.ScanAssembly (142ms)
			ScanForSourceGeneratedMonoScriptInfo (0ms)
			ResolveRequiredComponents (1ms)
	FinalizeReload (337ms)
		ReleaseScriptCaches (0ms)
		RebuildScriptCaches (0ms)
		SetupLoadedEditorAssemblies (279ms)
			LogAssemblyErrors (0ms)
			InitializePlatformSupportModulesInManaged (21ms)
			SetLoadedEditorAssemblies (8ms)
			RefreshPlugins (0ms)
			BeforeProcessingInitializeOnLoad (2ms)
			ProcessInitializeOnLoadAttributes (189ms)
			ProcessInitializeOnLoadMethodAttributes (58ms)
			AfterProcessingInitializeOnLoad (0ms)
			EditorAssembliesLoaded (0ms)
		ExecutionOrderSort2 (0ms)
		AwakeInstancesAfterBackupRestoration (0ms)
========================================================================
Worker process is ready to serve import requests
Caller must complete domain reload
Begin MonoManager ReloadAssembly
- Loaded All Assemblies, in  1.141 seconds
Native extension for WindowsStandalone target not found
Package Manager log level set to [2]
[Package Manager] Server::EnsureServerProcessIsRunning -- launch failed, reason: Unity was launched with the -noUpm command-line argument
[Package Manager] UpmClient::Send -- Unable to send message (not connected to UPM process).
[Package Manager] Cannot connect to Unity Package Manager local server
Mono: successfully reloaded assembly
- Finished resetting the current domain, in  0.872 seconds
Domain Reload Profiling: 1994ms
	BeginReloadAssembly (249ms)
		ExecutionOrderSort (0ms)
		DisableScriptedObjects (7ms)
		BackupInstance (0ms)
		ReleaseScriptingObjects (0ms)
		CreateAndSetChildDomain (24ms)
	RebuildCommonClasses (50ms)
	RebuildNativeTypeToScriptingClass (13ms)
	initialDomainReloadingComplete (92ms)
	LoadAllAssembliesAndSetupDomain (718ms)
		LoadAssemblies (672ms)
		RebuildTransferFunctionScriptingTraits (0ms)
		AnalyzeDomain (212ms)
			TypeCache.Refresh (181ms)
				TypeCache.ScanAssembly (162ms)
			ScanForSourceGeneratedMonoScriptInfo (24ms)
			ResolveRequiredComponents (6ms)
	FinalizeReload (872ms)
		ReleaseScriptCaches (0ms)
		RebuildScriptCaches (0ms)
		SetupLoadedEditorAssemblies (704ms)
			LogAssemblyErrors (0ms)
			InitializePlatformSupportModulesInManaged (19ms)
			SetLoadedEditorAssemblies (4ms)
			RefreshPlugins (0ms)
			BeforeProcessingInitializeOnLoad (146ms)
			ProcessInitializeOnLoadAttributes (458ms)
			ProcessInitializeOnLoadMethodAttributes (44ms)
			AfterProcessingInitializeOnLoad (34ms)
			EditorAssembliesLoaded (0ms)
		ExecutionOrderSort2 (0ms)
		AwakeInstancesAfterBackupRestoration (7ms)
Launched and connected shader compiler UnityShaderCompiler.exe after 0.59 seconds
Refreshing native plugins compatible for Editor in 18.09 ms, found 4 plugins.
Preloading 0 native plugins for Editor in 0.00 ms.
Unloading 3944 Unused Serialized files (Serialized files now loaded: 0)
Unloading 38 unused Assets / (241.2 KB). Loaded Objects now: 4407.
Memory consumption went from 138.7 MB to 138.5 MB.
Total: 3.992500 ms (FindLiveObjects: 0.361400 ms CreateObjectMapping: 0.107700 ms MarkObjects: 3.289200 ms  DeleteObjects: 0.232600 ms)

AssetImportParameters requested are different than current active one (requested -> active):
  custom:container-demuxer-ogg: 62fdf1f143b41e24485cea50d1cbac27 -> 
  custom:video-decoder-ogg-theora: a1e56fd34408186e4bbccfd4996cb3dc -> 
  custom:framework-win-MediaFoundation: 216162199b28c13a410421893ffa2e32 -> 
  custom:CustomObjectIndexerAttribute: 9a22284fe3817be447336de3de66b15e -> 
  custom:container-demuxer-webm: 4f35f7cbe854078d1ac9338744f61a02 -> 
  custom:container-muxer-webm: aa71ff27fc2769a1b78a27578f13a17b -> 
  custom:video-decoder-webm-vp8: 9c59270c3fd7afecdb556c50c9e8de78 -> 
  custom:SearchIndexIgnoredProperties: e643bd26f0fe6173181afceb89e7c659 -> 
  custom:AudioImporter_EditorPlatform: d09bf68614088b80899f8185d706f6e7 -> 
  custom:video-encoder-webm-vp8: eb34c28f22e8b96e1ab97ce403110664 -> 
  custom:audio-decoder-ogg-vorbis: bf7c407c2cedff20999df2af8eb42d56 -> 
  custom:audio-encoder-webm-vorbis: bf7c407c2cedff20999df2af8eb42d56 -> 
========================================================================
Received Import Request.
  Time since last request: 276357.588089 seconds.
  path: Assets/TRUNG NGUYEN/Defend Game Basic/Arts/Sprites/Enemy/01/Attack/Attack_03.png
  artifactKey: Guid(156c4415ebdf4ac40a2256807f366378) Importer(815301076,1909f56bfc062723c751e8b465ee728b)
Start importing Assets/TRUNG NGUYEN/Defend Game Basic/Arts/Sprites/Enemy/01/Attack/Attack_03.png using Guid(156c4415ebdf4ac40a2256807f366378) Importer(815301076,1909f56bfc062723c751e8b465ee728b) [PhysX] Initialized MultithreadedTaskDispatcher with 12 workers.
[PhysX] Initialized MultithreadedTaskDispatcher with 12 workers.
 -> (artifact id: '87857abf6d0fecfde669ad55b0075ff5') in 0.172431 seconds
Number of updated asset objects reloaded before import = 0
Number of asset objects unloaded after import = 3
========================================================================
Received Import Request.
  Time since last request: 0.000027 seconds.
  path: Assets/TRUNG NGUYEN/Defend Game Basic/Arts/Sprites/Enemy/01/Attack/Attack_12.png
  artifactKey: Guid(9150299c4393e70488576929b3977d6c) Importer(815301076,1909f56bfc062723c751e8b465ee728b)
Start importing Assets/TRUNG NGUYEN/Defend Game Basic/Arts/Sprites/Enemy/01/Attack/Attack_12.png using Guid(9150299c4393e70488576929b3977d6c) Importer(815301076,1909f56bfc062723c751e8b465ee728b) [PhysX] Initialized MultithreadedTaskDispatcher with 12 workers.
[PhysX] Initialized MultithreadedTaskDispatcher with 12 workers.
 -> (artifact id: 'bac2da06190c0f6a750f02e70390cac6') in 0.016498 seconds
Number of updated asset objects reloaded before import = 0
Number of asset objects unloaded after import = 3
========================================================================
Received Import Request.
  Time since last request: 25.690136 seconds.
  path: Assets/TRUNG NGUYEN/Defend Game Basic/Arts/Sprites/Enemy/01/Death/Death_04.png
  artifactKey: Guid(b0a0758f606a3334eb5015d791e208a4) Importer(815301076,1909f56bfc062723c751e8b465ee728b)
Start importing Assets/TRUNG NGUYEN/Defend Game Basic/Arts/Sprites/Enemy/01/Death/Death_04.png using Guid(b0a0758f606a3334eb5015d791e208a4) Importer(815301076,1909f56bfc062723c751e8b465ee728b) [PhysX] Initialized MultithreadedTaskDispatcher with 12 workers.
[PhysX] Initialized MultithreadedTaskDispatcher with 12 workers.
 -> (artifact id: '6f4e9d581b5f855679446250163bda7c') in 0.013617 seconds
Number of updated asset objects reloaded before import = 0
Number of asset objects unloaded after import = 3
========================================================================
Received Import Request.
  Time since last request: 0.000105 seconds.
  path: Assets/TRUNG NGUYEN/Defend Game Basic/Arts/Sprites/Enemy/01/Death/Death_07.png
  artifactKey: Guid(80fefd80f0b206a4d88ee0f3dc01b968) Importer(815301076,1909f56bfc062723c751e8b465ee728b)
Start importing Assets/TRUNG NGUYEN/Defend Game Basic/Arts/Sprites/Enemy/01/Death/Death_07.png using Guid(80fefd80f0b206a4d88ee0f3dc01b968) Importer(815301076,1909f56bfc062723c751e8b465ee728b) [PhysX] Initialized MultithreadedTaskDispatcher with 12 workers.
[PhysX] Initialized MultithreadedTaskDispatcher with 12 workers.
 -> (artifact id: '29a90afc382bdda08b571ddbcc64e8af') in 0.028741 seconds
Number of updated asset objects reloaded before import = 0
Number of asset objects unloaded after import = 3
========================================================================
Received Import Request.
  Time since last request: 0.000018 seconds.
  path: Assets/TRUNG NGUYEN/Defend Game Basic/Arts/Sprites/Enemy/01/Death/Death_10.png
  artifactKey: Guid(841b9b6bd6be33e48bafd471ced2e390) Importer(815301076,1909f56bfc062723c751e8b465ee728b)
Start importing Assets/TRUNG NGUYEN/Defend Game Basic/Arts/Sprites/Enemy/01/Death/Death_10.png using Guid(841b9b6bd6be33e48bafd471ced2e390) Importer(815301076,1909f56bfc062723c751e8b465ee728b) [PhysX] Initialized MultithreadedTaskDispatcher with 12 workers.
[PhysX] Initialized MultithreadedTaskDispatcher with 12 workers.
 -> (artifact id: 'd9023576dd30e17e9a58538a5bcf6712') in 0.013909 seconds
Number of updated asset objects reloaded before import = 0
Number of asset objects unloaded after import = 3
========================================================================
Received Import Request.
  Time since last request: 0.000025 seconds.
  path: Assets/TRUNG NGUYEN/Defend Game Basic/Arts/Sprites/Enemy/01/Death/Death_13.png
  artifactKey: Guid(9b258fc58543bac4382950e51bd9238b) Importer(815301076,1909f56bfc062723c751e8b465ee728b)
Start importing Assets/TRUNG NGUYEN/Defend Game Basic/Arts/Sprites/Enemy/01/Death/Death_13.png using Guid(9b258fc58543bac4382950e51bd9238b) Importer(815301076,1909f56bfc062723c751e8b465ee728b) [PhysX] Initialized MultithreadedTaskDispatcher with 12 workers.
[PhysX] Initialized MultithreadedTaskDispatcher with 12 workers.
 -> (artifact id: '58571a0455b06773fb5ba4ba0f31a86d') in 0.013102 seconds
Number of updated asset objects reloaded before import = 0
Number of asset objects unloaded after import = 3
========================================================================
Received Import Request.
  Time since last request: 0.000019 seconds.
  path: Assets/TRUNG NGUYEN/Defend Game Basic/Arts/Sprites/Enemy/01/Death/Death_09.png
  artifactKey: Guid(4905052992b56c34bbe101895c76ce9b) Importer(815301076,1909f56bfc062723c751e8b465ee728b)
Start importing Assets/TRUNG NGUYEN/Defend Game Basic/Arts/Sprites/Enemy/01/Death/Death_09.png using Guid(4905052992b56c34bbe101895c76ce9b) Importer(815301076,1909f56bfc062723c751e8b465ee728b) [PhysX] Initialized MultithreadedTaskDispatcher with 12 workers.
[PhysX] Initialized MultithreadedTaskDispatcher with 12 workers.
 -> (artifact id: 'a078846ed7074b4d386b9042ecf937ca') in 0.013085 seconds
Number of updated asset objects reloaded before import = 0
Number of asset objects unloaded after import = 3
========================================================================
Received Import Request.
  Time since last request: 41.856142 seconds.
  path: Assets/TRUNG NGUYEN/Defend Game Basic/Arts/Sprites/Enemy/02/Walk/Walk_02.png
  artifactKey: Guid(9fce9f146e295a14f9b96e03f0a159f3) Importer(815301076,1909f56bfc062723c751e8b465ee728b)
Start importing Assets/TRUNG NGUYEN/Defend Game Basic/Arts/Sprites/Enemy/02/Walk/Walk_02.png using Guid(9fce9f146e295a14f9b96e03f0a159f3) Importer(815301076,1909f56bfc062723c751e8b465ee728b) [PhysX] Initialized MultithreadedTaskDispatcher with 12 workers.
[PhysX] Initialized MultithreadedTaskDispatcher with 12 workers.
 -> (artifact id: '159fac07087e156d186fe6df7d71b039') in 0.019829 seconds
Number of updated asset objects reloaded before import = 0
Number of asset objects unloaded after import = 3
========================================================================
Received Import Request.
  Time since last request: 0.000030 seconds.
  path: Assets/TRUNG NGUYEN/Defend Game Basic/Arts/Sprites/Enemy/02/Walk/Walk_07.png
  artifactKey: Guid(b50a879e817abf64398a08a51e3dec0c) Importer(815301076,1909f56bfc062723c751e8b465ee728b)
Start importing Assets/TRUNG NGUYEN/Defend Game Basic/Arts/Sprites/Enemy/02/Walk/Walk_07.png using Guid(b50a879e817abf64398a08a51e3dec0c) Importer(815301076,1909f56bfc062723c751e8b465ee728b) [PhysX] Initialized MultithreadedTaskDispatcher with 12 workers.
[PhysX] Initialized MultithreadedTaskDispatcher with 12 workers.
 -> (artifact id: 'c744f0488bf51145090e62719eb9a6d6') in 0.061431 seconds
Number of updated asset objects reloaded before import = 0
Number of asset objects unloaded after import = 3
========================================================================
Received Import Request.
  Time since last request: 0.000032 seconds.
  path: Assets/TRUNG NGUYEN/Defend Game Basic/Arts/Sprites/Enemy/02/Walk/Walk_05.png
  artifactKey: Guid(e843a86977142784e8dd56e4b2fe817a) Importer(815301076,1909f56bfc062723c751e8b465ee728b)
Start importing Assets/TRUNG NGUYEN/Defend Game Basic/Arts/Sprites/Enemy/02/Walk/Walk_05.png using Guid(e843a86977142784e8dd56e4b2fe817a) Importer(815301076,1909f56bfc062723c751e8b465ee728b) [PhysX] Initialized MultithreadedTaskDispatcher with 12 workers.
[PhysX] Initialized MultithreadedTaskDispatcher with 12 workers.
 -> (artifact id: '86996fc59d4c394fa3ae2068178e39d2') in 0.102321 seconds
Number of updated asset objects reloaded before import = 0
Number of asset objects unloaded after import = 3
========================================================================
Received Import Request.
  Time since last request: 0.000035 seconds.
  path: Assets/TRUNG NGUYEN/Defend Game Basic/Arts/Sprites/Enemy/02/Walk/Walk_04.png
  artifactKey: Guid(b10ed36ea56ade641a59770d73f039e4) Importer(815301076,1909f56bfc062723c751e8b465ee728b)
Start importing Assets/TRUNG NGUYEN/Defend Game Basic/Arts/Sprites/Enemy/02/Walk/Walk_04.png using Guid(b10ed36ea56ade641a59770d73f039e4) Importer(815301076,1909f56bfc062723c751e8b465ee728b) [PhysX] Initialized MultithreadedTaskDispatcher with 12 workers.
[PhysX] Initialized MultithreadedTaskDispatcher with 12 workers.
 -> (artifact id: '5f04c7a7db53188826bbc7a017d3fa98') in 0.015695 seconds
Number of updated asset objects reloaded before import = 0
Number of asset objects unloaded after import = 3
========================================================================
Received Import Request.
  Time since last request: 52.163228 seconds.
  path: Assets/TRUNG NGUYEN/Defend Game Basic/Arts/Sprites/Enemy/02/Attack/Attack_02.png
  artifactKey: Guid(06bbf1da61c276e45961238a5040b955) Importer(815301076,1909f56bfc062723c751e8b465ee728b)
Start importing Assets/TRUNG NGUYEN/Defend Game Basic/Arts/Sprites/Enemy/02/Attack/Attack_02.png using Guid(06bbf1da61c276e45961238a5040b955) Importer(815301076,1909f56bfc062723c751e8b465ee728b) [PhysX] Initialized MultithreadedTaskDispatcher with 12 workers.
[PhysX] Initialized MultithreadedTaskDispatcher with 12 workers.
 -> (artifact id: 'c75e403a90076314750a4a05e7e7aace') in 0.018727 seconds
Number of updated asset objects reloaded before import = 0
Number of asset objects unloaded after import = 3
========================================================================
Received Import Request.
  Time since last request: 0.000029 seconds.
  path: Assets/TRUNG NGUYEN/Defend Game Basic/Arts/Sprites/Enemy/02/Attack/Attack_06.png
  artifactKey: Guid(267ff75b92dadcd4dacd4998aafbbf4c) Importer(815301076,1909f56bfc062723c751e8b465ee728b)
Start importing Assets/TRUNG NGUYEN/Defend Game Basic/Arts/Sprites/Enemy/02/Attack/Attack_06.png using Guid(267ff75b92dadcd4dacd4998aafbbf4c) Importer(815301076,1909f56bfc062723c751e8b465ee728b) [PhysX] Initialized MultithreadedTaskDispatcher with 12 workers.
[PhysX] Initialized MultithreadedTaskDispatcher with 12 workers.
 -> (artifact id: '6c82263e11a6901e92e46251f8dbe4e9') in 0.027677 seconds
Number of updated asset objects reloaded before import = 0
Number of asset objects unloaded after import = 3
========================================================================
Received Import Request.
  Time since last request: 0.000018 seconds.
  path: Assets/TRUNG NGUYEN/Defend Game Basic/Arts/Sprites/Enemy/02/Attack/Attack_05.png
  artifactKey: Guid(e20dd5ac9121d5d4496e53a316664b12) Importer(815301076,1909f56bfc062723c751e8b465ee728b)
Start importing Assets/TRUNG NGUYEN/Defend Game Basic/Arts/Sprites/Enemy/02/Attack/Attack_05.png using Guid(e20dd5ac9121d5d4496e53a316664b12) Importer(815301076,1909f56bfc062723c751e8b465ee728b) [PhysX] Initialized MultithreadedTaskDispatcher with 12 workers.
[PhysX] Initialized MultithreadedTaskDispatcher with 12 workers.
 -> (artifact id: '91a952aaec364cef0054411a573e6328') in 0.018488 seconds
Number of updated asset objects reloaded before import = 0
Number of asset objects unloaded after import = 3
========================================================================
Received Import Request.
  Time since last request: 0.000027 seconds.
  path: Assets/TRUNG NGUYEN/Defend Game Basic/Arts/Sprites/Enemy/02/Attack/Attack_07.png
  artifactKey: Guid(1cc36ee566d277449a8b05edbd8d3ec2) Importer(815301076,1909f56bfc062723c751e8b465ee728b)
Start importing Assets/TRUNG NGUYEN/Defend Game Basic/Arts/Sprites/Enemy/02/Attack/Attack_07.png using Guid(1cc36ee566d277449a8b05edbd8d3ec2) Importer(815301076,1909f56bfc062723c751e8b465ee728b) [PhysX] Initialized MultithreadedTaskDispatcher with 12 workers.
[PhysX] Initialized MultithreadedTaskDispatcher with 12 workers.
 -> (artifact id: '7b34fc10e678f4ebac1d39f310f15517') in 0.016180 seconds
Number of updated asset objects reloaded before import = 0
Number of asset objects unloaded after import = 3
========================================================================
Received Import Request.
  Time since last request: 10.220836 seconds.
  path: Assets/TRUNG NGUYEN/Defend Game Basic/Arts/Sprites/Enemy/02/Death/Death_02.png
  artifactKey: Guid(a2d9afbfad70fb74390ec8036e6caf08) Importer(815301076,1909f56bfc062723c751e8b465ee728b)
Start importing Assets/TRUNG NGUYEN/Defend Game Basic/Arts/Sprites/Enemy/02/Death/Death_02.png using Guid(a2d9afbfad70fb74390ec8036e6caf08) Importer(815301076,1909f56bfc062723c751e8b465ee728b) [PhysX] Initialized MultithreadedTaskDispatcher with 12 workers.
[PhysX] Initialized MultithreadedTaskDispatcher with 12 workers.
 -> (artifact id: 'ac50a2aa27d345e6d66e17782f800e40') in 0.017393 seconds
Number of updated asset objects reloaded before import = 0
Number of asset objects unloaded after import = 3
========================================================================
Received Import Request.
  Time since last request: 0.000025 seconds.
  path: Assets/TRUNG NGUYEN/Defend Game Basic/Arts/Sprites/Enemy/02/Death/Death_04.png
  artifactKey: Guid(2143e9e9647f0c746b85d68db3e5c606) Importer(815301076,1909f56bfc062723c751e8b465ee728b)
Start importing Assets/TRUNG NGUYEN/Defend Game Basic/Arts/Sprites/Enemy/02/Death/Death_04.png using Guid(2143e9e9647f0c746b85d68db3e5c606) Importer(815301076,1909f56bfc062723c751e8b465ee728b) [PhysX] Initialized MultithreadedTaskDispatcher with 12 workers.
[PhysX] Initialized MultithreadedTaskDispatcher with 12 workers.
 -> (artifact id: '30806ab0667bccf71265a507d011a9ce') in 0.029112 seconds
Number of updated asset objects reloaded before import = 0
Number of asset objects unloaded after import = 3
========================================================================
Received Import Request.
  Time since last request: 0.000030 seconds.
  path: Assets/TRUNG NGUYEN/Defend Game Basic/Arts/Sprites/Enemy/02/Death/Death_09.png
  artifactKey: Guid(7349277b9dd0f15418f3dff3fd786637) Importer(815301076,1909f56bfc062723c751e8b465ee728b)
Start importing Assets/TRUNG NGUYEN/Defend Game Basic/Arts/Sprites/Enemy/02/Death/Death_09.png using Guid(7349277b9dd0f15418f3dff3fd786637) Importer(815301076,1909f56bfc062723c751e8b465ee728b) [PhysX] Initialized MultithreadedTaskDispatcher with 12 workers.
[PhysX] Initialized MultithreadedTaskDispatcher with 12 workers.
 -> (artifact id: '5d7c2babf4d55e331087d6270b3e5a76') in 0.015983 seconds
Number of updated asset objects reloaded before import = 0
Number of asset objects unloaded after import = 3
========================================================================
Received Import Request.
  Time since last request: 0.000018 seconds.
  path: Assets/TRUNG NGUYEN/Defend Game Basic/Arts/Sprites/Enemy/02/Death/Death_05.png
  artifactKey: Guid(f3860120de1e88640b6aef4f315c1608) Importer(815301076,1909f56bfc062723c751e8b465ee728b)
Start importing Assets/TRUNG NGUYEN/Defend Game Basic/Arts/Sprites/Enemy/02/Death/Death_05.png using Guid(f3860120de1e88640b6aef4f315c1608) Importer(815301076,1909f56bfc062723c751e8b465ee728b) [PhysX] Initialized MultithreadedTaskDispatcher with 12 workers.
[PhysX] Initialized MultithreadedTaskDispatcher with 12 workers.
 -> (artifact id: '3a2fe8c5dab380615bd7809acfe66a6e') in 0.016194 seconds
Number of updated asset objects reloaded before import = 0
Number of asset objects unloaded after import = 3
========================================================================
Received Import Request.
  Time since last request: 31.594326 seconds.
  path: Assets/TRUNG NGUYEN/Defend Game Basic/Arts/Sprites/Enemy/03/Attack/Attack_02.png
  artifactKey: Guid(362eb7a9ce295544e92a73483c8a7d20) Importer(815301076,1909f56bfc062723c751e8b465ee728b)
Start importing Assets/TRUNG NGUYEN/Defend Game Basic/Arts/Sprites/Enemy/03/Attack/Attack_02.png using Guid(362eb7a9ce295544e92a73483c8a7d20) Importer(815301076,1909f56bfc062723c751e8b465ee728b) [PhysX] Initialized MultithreadedTaskDispatcher with 12 workers.
[PhysX] Initialized MultithreadedTaskDispatcher with 12 workers.
 -> (artifact id: '8eb55f2c7d98a77bd39ad481974c932c') in 0.016686 seconds
Number of updated asset objects reloaded before import = 0
Number of asset objects unloaded after import = 3
========================================================================
Received Import Request.
  Time since last request: 0.000024 seconds.
  path: Assets/TRUNG NGUYEN/Defend Game Basic/Arts/Sprites/Enemy/03/Attack/Attack_08.png
  artifactKey: Guid(613dd5175c73c7b4f834a26cd5a8919e) Importer(815301076,1909f56bfc062723c751e8b465ee728b)
Start importing Assets/TRUNG NGUYEN/Defend Game Basic/Arts/Sprites/Enemy/03/Attack/Attack_08.png using Guid(613dd5175c73c7b4f834a26cd5a8919e) Importer(815301076,1909f56bfc062723c751e8b465ee728b) [PhysX] Initialized MultithreadedTaskDispatcher with 12 workers.
[PhysX] Initialized MultithreadedTaskDispatcher with 12 workers.
 -> (artifact id: '04db781207aec2bb5f6f6844f5d57e89') in 0.033876 seconds
Number of updated asset objects reloaded before import = 0
Number of asset objects unloaded after import = 3
========================================================================
Received Import Request.
  Time since last request: 0.000023 seconds.
  path: Assets/TRUNG NGUYEN/Defend Game Basic/Arts/Sprites/Enemy/03/Attack/Attack_10.png
  artifactKey: Guid(59e18f3605823cd429ccb150db49d91a) Importer(815301076,1909f56bfc062723c751e8b465ee728b)
Start importing Assets/TRUNG NGUYEN/Defend Game Basic/Arts/Sprites/Enemy/03/Attack/Attack_10.png using Guid(59e18f3605823cd429ccb150db49d91a) Importer(815301076,1909f56bfc062723c751e8b465ee728b) [PhysX] Initialized MultithreadedTaskDispatcher with 12 workers.
[PhysX] Initialized MultithreadedTaskDispatcher with 12 workers.
 -> (artifact id: 'b23d9066482bde67faf3da349e4e0273') in 0.015255 seconds
Number of updated asset objects reloaded before import = 0
Number of asset objects unloaded after import = 3
========================================================================
Received Import Request.
  Time since last request: 0.000029 seconds.
  path: Assets/TRUNG NGUYEN/Defend Game Basic/Arts/Sprites/Enemy/03/Attack/Attack_05.png
  artifactKey: Guid(3ef84bab3c5c1424492fb41a7c2c808b) Importer(815301076,1909f56bfc062723c751e8b465ee728b)
Start importing Assets/TRUNG NGUYEN/Defend Game Basic/Arts/Sprites/Enemy/03/Attack/Attack_05.png using Guid(3ef84bab3c5c1424492fb41a7c2c808b) Importer(815301076,1909f56bfc062723c751e8b465ee728b) [PhysX] Initialized MultithreadedTaskDispatcher with 12 workers.
[PhysX] Initialized MultithreadedTaskDispatcher with 12 workers.
 -> (artifact id: '4abd69db82b41ca6a558a59dd51ed969') in 0.015809 seconds
Number of updated asset objects reloaded before import = 0
Number of asset objects unloaded after import = 3
========================================================================
Received Import Request.
  Time since last request: 0.545874 seconds.
  path: Assets/TRUNG NGUYEN/Defend Game Basic/Arts/Sprites/Enemy/03/Walk/Walk_02.png
  artifactKey: Guid(6e654f407362aea489c0b7d5944890b9) Importer(815301076,1909f56bfc062723c751e8b465ee728b)
Start importing Assets/TRUNG NGUYEN/Defend Game Basic/Arts/Sprites/Enemy/03/Walk/Walk_02.png using Guid(6e654f407362aea489c0b7d5944890b9) Importer(815301076,1909f56bfc062723c751e8b465ee728b) [PhysX] Initialized MultithreadedTaskDispatcher with 12 workers.
[PhysX] Initialized MultithreadedTaskDispatcher with 12 workers.
 -> (artifact id: '7d9685e4785a6ed6a2b8341462c5fe7f') in 0.015466 seconds
Number of updated asset objects reloaded before import = 0
Number of asset objects unloaded after import = 3
========================================================================
Received Import Request.
  Time since last request: 0.000029 seconds.
  path: Assets/TRUNG NGUYEN/Defend Game Basic/Arts/Sprites/Enemy/03/Walk/Walk_03.png
  artifactKey: Guid(7e64cfe2805494a46969cb9db46e46bd) Importer(815301076,1909f56bfc062723c751e8b465ee728b)
Start importing Assets/TRUNG NGUYEN/Defend Game Basic/Arts/Sprites/Enemy/03/Walk/Walk_03.png using Guid(7e64cfe2805494a46969cb9db46e46bd) Importer(815301076,1909f56bfc062723c751e8b465ee728b) [PhysX] Initialized MultithreadedTaskDispatcher with 12 workers.
[PhysX] Initialized MultithreadedTaskDispatcher with 12 workers.
 -> (artifact id: '2529be8152fbc283147dd4b39802612d') in 0.015255 seconds
Number of updated asset objects reloaded before import = 0
Number of asset objects unloaded after import = 3
========================================================================
Received Import Request.
  Time since last request: 0.000028 seconds.
  path: Assets/TRUNG NGUYEN/Defend Game Basic/Arts/Sprites/Enemy/03/Walk/Walk_06.png
  artifactKey: Guid(090a3a6ffc7098d4e8482aefa950f0ea) Importer(815301076,1909f56bfc062723c751e8b465ee728b)
Start importing Assets/TRUNG NGUYEN/Defend Game Basic/Arts/Sprites/Enemy/03/Walk/Walk_06.png using Guid(090a3a6ffc7098d4e8482aefa950f0ea) Importer(815301076,1909f56bfc062723c751e8b465ee728b) [PhysX] Initialized MultithreadedTaskDispatcher with 12 workers.
[PhysX] Initialized MultithreadedTaskDispatcher with 12 workers.
 -> (artifact id: 'b53130a5838c8b8b9b05cc283fd7d4d5') in 0.015298 seconds
Number of updated asset objects reloaded before import = 0
Number of asset objects unloaded after import = 3
========================================================================
Received Import Request.
  Time since last request: 0.000021 seconds.
  path: Assets/TRUNG NGUYEN/Defend Game Basic/Arts/Sprites/Enemy/03/Walk/Walk_07.png
  artifactKey: Guid(20c5e3617b025fe47a4fa0ea7086e92f) Importer(815301076,1909f56bfc062723c751e8b465ee728b)
Start importing Assets/TRUNG NGUYEN/Defend Game Basic/Arts/Sprites/Enemy/03/Walk/Walk_07.png using Guid(20c5e3617b025fe47a4fa0ea7086e92f) Importer(815301076,1909f56bfc062723c751e8b465ee728b) [PhysX] Initialized MultithreadedTaskDispatcher with 12 workers.
[PhysX] Initialized MultithreadedTaskDispatcher with 12 workers.
 -> (artifact id: 'db5f999618ab8f952ff52f98d4f79f1f') in 0.015029 seconds
Number of updated asset objects reloaded before import = 0
Number of asset objects unloaded after import = 3
========================================================================
Received Import Request.
  Time since last request: 87.562800 seconds.
  path: Assets/TRUNG NGUYEN/Defend Game Basic/Arts/Sprites/Enemy/03/Death/Death_01.png
  artifactKey: Guid(6089078e3e904d64490ad1969d5ffb38) Importer(815301076,1909f56bfc062723c751e8b465ee728b)
Start importing Assets/TRUNG NGUYEN/Defend Game Basic/Arts/Sprites/Enemy/03/Death/Death_01.png using Guid(6089078e3e904d64490ad1969d5ffb38) Importer(815301076,1909f56bfc062723c751e8b465ee728b) [PhysX] Initialized MultithreadedTaskDispatcher with 12 workers.
[PhysX] Initialized MultithreadedTaskDispatcher with 12 workers.
 -> (artifact id: '5b74faf5d76d3dbc39724e05541cc456') in 0.015280 seconds
Number of updated asset objects reloaded before import = 0
Number of asset objects unloaded after import = 3
========================================================================
Received Import Request.
  Time since last request: 0.017130 seconds.
  path: Assets/TRUNG NGUYEN/Defend Game Basic/Arts/Sprites/Enemy/03/Death/Death_03.png
  artifactKey: Guid(06c3279f52dafd742b43777cda929d7c) Importer(815301076,1909f56bfc062723c751e8b465ee728b)
Start importing Assets/TRUNG NGUYEN/Defend Game Basic/Arts/Sprites/Enemy/03/Death/Death_03.png using Guid(06c3279f52dafd742b43777cda929d7c) Importer(815301076,1909f56bfc062723c751e8b465ee728b) [PhysX] Initialized MultithreadedTaskDispatcher with 12 workers.
[PhysX] Initialized MultithreadedTaskDispatcher with 12 workers.
 -> (artifact id: '4698afe949fa37ff5531a6749ded64bf') in 0.019959 seconds
Number of updated asset objects reloaded before import = 0
Number of asset objects unloaded after import = 3
========================================================================
Received Import Request.
  Time since last request: 0.000023 seconds.
  path: Assets/TRUNG NGUYEN/Defend Game Basic/Arts/Sprites/Enemy/03/Death/Death_10.png
  artifactKey: Guid(2208fd9dc8486384ca9be77cf7020cf1) Importer(815301076,1909f56bfc062723c751e8b465ee728b)
Start importing Assets/TRUNG NGUYEN/Defend Game Basic/Arts/Sprites/Enemy/03/Death/Death_10.png using Guid(2208fd9dc8486384ca9be77cf7020cf1) Importer(815301076,1909f56bfc062723c751e8b465ee728b) [PhysX] Initialized MultithreadedTaskDispatcher with 12 workers.
[PhysX] Initialized MultithreadedTaskDispatcher with 12 workers.
 -> (artifact id: '0269d17b2e74d81bba7008ec8f5025f1') in 0.019138 seconds
Number of updated asset objects reloaded before import = 0
Number of asset objects unloaded after import = 3
========================================================================
Received Import Request.
  Time since last request: 0.000018 seconds.
  path: Assets/TRUNG NGUYEN/Defend Game Basic/Arts/Sprites/Enemy/03/Death/Death_02.png
  artifactKey: Guid(8666b1d5757490840ba62176b5d5500d) Importer(815301076,1909f56bfc062723c751e8b465ee728b)
Start importing Assets/TRUNG NGUYEN/Defend Game Basic/Arts/Sprites/Enemy/03/Death/Death_02.png using Guid(8666b1d5757490840ba62176b5d5500d) Importer(815301076,1909f56bfc062723c751e8b465ee728b) [PhysX] Initialized MultithreadedTaskDispatcher with 12 workers.
[PhysX] Initialized MultithreadedTaskDispatcher with 12 workers.
 -> (artifact id: 'cf95d0fe868cf7ba5891e4510489542c') in 0.016175 seconds
Number of updated asset objects reloaded before import = 0
Number of asset objects unloaded after import = 3
========================================================================
Received Import Request.
  Time since last request: 0.000030 seconds.
  path: Assets/TRUNG NGUYEN/Defend Game Basic/Arts/Sprites/Enemy/03/Death/Death_11.png
  artifactKey: Guid(6a4bdd881f5a0fb44b7235276e90b17e) Importer(815301076,1909f56bfc062723c751e8b465ee728b)
Start importing Assets/TRUNG NGUYEN/Defend Game Basic/Arts/Sprites/Enemy/03/Death/Death_11.png using Guid(6a4bdd881f5a0fb44b7235276e90b17e) Importer(815301076,1909f56bfc062723c751e8b465ee728b) [PhysX] Initialized MultithreadedTaskDispatcher with 12 workers.
[PhysX] Initialized MultithreadedTaskDispatcher with 12 workers.
 -> (artifact id: '73a84478ef5b7e81233f2676ee41c03b') in 0.013980 seconds
Number of updated asset objects reloaded before import = 0
Number of asset objects unloaded after import = 3
========================================================================
Received Import Request.
  Time since last request: 0.000038 seconds.
  path: Assets/TRUNG NGUYEN/Defend Game Basic/Arts/Sprites/Enemy/03/Death/Death_05.png
  artifactKey: Guid(9e43d4d2c855a384cbc5846b9542adda) Importer(815301076,1909f56bfc062723c751e8b465ee728b)
Start importing Assets/TRUNG NGUYEN/Defend Game Basic/Arts/Sprites/Enemy/03/Death/Death_05.png using Guid(9e43d4d2c855a384cbc5846b9542adda) Importer(815301076,1909f56bfc062723c751e8b465ee728b) [PhysX] Initialized MultithreadedTaskDispatcher with 12 workers.
[PhysX] Initialized MultithreadedTaskDispatcher with 12 workers.
 -> (artifact id: '6a2fde08693cd3f2852d33c1eae3b34c') in 0.015453 seconds
Number of updated asset objects reloaded before import = 0
Number of asset objects unloaded after import = 3
========================================================================
Received Import Request.
  Time since last request: 6.538053 seconds.
  path: Assets/TRUNG NGUYEN/Defend Game Basic/Arts/Sprites/Enemy/03/Death/Death_26.png
  artifactKey: Guid(f95c1267d93045e4fb76d65afa744bf7) Importer(815301076,1909f56bfc062723c751e8b465ee728b)
Start importing Assets/TRUNG NGUYEN/Defend Game Basic/Arts/Sprites/Enemy/03/Death/Death_26.png using Guid(f95c1267d93045e4fb76d65afa744bf7) Importer(815301076,1909f56bfc062723c751e8b465ee728b) [PhysX] Initialized MultithreadedTaskDispatcher with 12 workers.
[PhysX] Initialized MultithreadedTaskDispatcher with 12 workers.
 -> (artifact id: '83557ed9af21ce5bc5f6c4346b061a35') in 0.014342 seconds
Number of updated asset objects reloaded before import = 0
Number of asset objects unloaded after import = 3
========================================================================
Received Import Request.
  Time since last request: 0.174805 seconds.
  path: Assets/TRUNG NGUYEN/Defend Game Basic/Arts/Sprites/Enemy/03/Death/Death_35.png
  artifactKey: Guid(2d3e34ea21a0c094fb7bda18c97a3fd2) Importer(815301076,1909f56bfc062723c751e8b465ee728b)
Start importing Assets/TRUNG NGUYEN/Defend Game Basic/Arts/Sprites/Enemy/03/Death/Death_35.png using Guid(2d3e34ea21a0c094fb7bda18c97a3fd2) Importer(815301076,1909f56bfc062723c751e8b465ee728b) [PhysX] Initialized MultithreadedTaskDispatcher with 12 workers.
[PhysX] Initialized MultithreadedTaskDispatcher with 12 workers.
 -> (artifact id: '2ea43dc8a795a97e3a16ae2819e17b49') in 0.034871 seconds
Number of updated asset objects reloaded before import = 0
Number of asset objects unloaded after import = 3
========================================================================
Received Import Request.
  Time since last request: 0.000202 seconds.
  path: Assets/TRUNG NGUYEN/Defend Game Basic/Arts/Sprites/Enemy/03/Death/Death_37.png
  artifactKey: Guid(44531b511a76bf24996799cac32ab674) Importer(815301076,1909f56bfc062723c751e8b465ee728b)
Start importing Assets/TRUNG NGUYEN/Defend Game Basic/Arts/Sprites/Enemy/03/Death/Death_37.png using Guid(44531b511a76bf24996799cac32ab674) Importer(815301076,1909f56bfc062723c751e8b465ee728b) [PhysX] Initialized MultithreadedTaskDispatcher with 12 workers.
[PhysX] Initialized MultithreadedTaskDispatcher with 12 workers.
 -> (artifact id: 'fe136cd2467be611855526185578b6db') in 0.012678 seconds
Number of updated asset objects reloaded before import = 0
Number of asset objects unloaded after import = 3
