Using pre-set license
Built from '2022.3/staging' branch; Version is '2022.3.49f1 (4dae1bb8668d) revision 5090843'; Using compiler version '192829333'; Build Type 'Release'
OS: 'Windows 10  (10.0.19045) 64bit Enterprise' Language: 'fi' Physical Memory: 16317 MB
BatchMode: 1, IsHumanControllingUs: 0, StartBugReporterOnCrash: 0, Is64bit: 1, IsPro: 1

COMMAND LINE ARGUMENTS:
C:\Program Files\Unity\Hub\Editor\2022.3.49f1\Editor\Unity.exe
-adb2
-batchMode
-noUpm
-name
AssetImportWorker2
-projectPath
C:/Defends-Game-Basic
-logFile
Logs/AssetImportWorker2.log
-srvPort
49560
Successfully changed project path to: C:/Defends-Game-Basic
C:/Defends-Game-Basic
[UnityMemory] Configuration Parameters - Can be set up in boot.config
    "memorysetup-bucket-allocator-granularity=16"
    "memorysetup-bucket-allocator-bucket-count=8"
    "memorysetup-bucket-allocator-block-size=33554432"
    "memorysetup-bucket-allocator-block-count=8"
    "memorysetup-main-allocator-block-size=16777216"
    "memorysetup-thread-allocator-block-size=16777216"
    "memorysetup-gfx-main-allocator-block-size=16777216"
    "memorysetup-gfx-thread-allocator-block-size=16777216"
    "memorysetup-cache-allocator-block-size=4194304"
    "memorysetup-typetree-allocator-block-size=2097152"
    "memorysetup-profiler-bucket-allocator-granularity=16"
    "memorysetup-profiler-bucket-allocator-bucket-count=8"
    "memorysetup-profiler-bucket-allocator-block-size=33554432"
    "memorysetup-profiler-bucket-allocator-block-count=8"
    "memorysetup-profiler-allocator-block-size=16777216"
    "memorysetup-profiler-editor-allocator-block-size=1048576"
    "memorysetup-temp-allocator-size-main=16777216"
    "memorysetup-job-temp-allocator-block-size=2097152"
    "memorysetup-job-temp-allocator-block-size-background=1048576"
    "memorysetup-job-temp-allocator-reduction-small-platforms=262144"
    "memorysetup-allocator-temp-initial-block-size-main=262144"
    "memorysetup-allocator-temp-initial-block-size-worker=262144"
    "memorysetup-temp-allocator-size-background-worker=32768"
    "memorysetup-temp-allocator-size-job-worker=262144"
    "memorysetup-temp-allocator-size-preload-manager=33554432"
    "memorysetup-temp-allocator-size-nav-mesh-worker=65536"
    "memorysetup-temp-allocator-size-audio-worker=65536"
    "memorysetup-temp-allocator-size-cloud-worker=32768"
    "memorysetup-temp-allocator-size-gi-baking-worker=262144"
    "memorysetup-temp-allocator-size-gfx=262144"
Player connection [22296]  Target information:

Player connection [22296]  * "[IP] 10.20.12.61 [Port] 0 [Flags] 2 [Guid] 3710308310 [EditorId] 3710308310 [Version] 1048832 [Id] WindowsEditor(7,VUOKSI-DT-22) [Debug] 1 [PackageName] WindowsEditor [ProjectName] Editor" 

Player connection [22296] Host joined multi-casting on [225.0.0.222:54997]...
Player connection [22296] Host joined alternative multi-casting on [225.0.0.222:34997]...
[PhysX] Initialized MultithreadedTaskDispatcher with 12 workers.
Refreshing native plugins compatible for Editor in 33.94 ms, found 4 plugins.
Preloading 0 native plugins for Editor in 0.00 ms.
Initialize engine version: 2022.3.49f1 (4dae1bb8668d)
[Subsystems] Discovering subsystems at path C:/Program Files/Unity/Hub/Editor/2022.3.49f1/Editor/Data/Resources/UnitySubsystems
[Subsystems] Discovering subsystems at path C:/Defends-Game-Basic/Assets
GfxDevice: creating device client; threaded=0; jobified=0
Direct3D:
    Version:  Direct3D 11.0 [level 11.1]
    Renderer: NVIDIA GeForce RTX 2060 (ID=0x1f08)
    Vendor:   NVIDIA
    VRAM:     5955 MB
    Driver:   32.0.15.5612
Initialize mono
Mono path[0] = 'C:/Program Files/Unity/Hub/Editor/2022.3.49f1/Editor/Data/Managed'
Mono path[1] = 'C:/Program Files/Unity/Hub/Editor/2022.3.49f1/Editor/Data/MonoBleedingEdge/lib/mono/unityjit-win32'
Mono config path = 'C:/Program Files/Unity/Hub/Editor/2022.3.49f1/Editor/Data/MonoBleedingEdge/etc'
Using monoOptions --debugger-agent=transport=dt_socket,embedding=1,server=y,suspend=n,address=127.0.0.1:56488
Begin MonoManager ReloadAssembly
Registering precompiled unity dll's ...
Register platform support module: C:/Program Files/Unity/Hub/Editor/2022.3.49f1/Editor/Data/PlaybackEngines/WindowsStandaloneSupport/UnityEditor.WindowsStandalone.Extensions.dll
Registered in 0.038462 seconds.
- Loaded All Assemblies, in  0.562 seconds
Native extension for WindowsStandalone target not found
Mono: successfully reloaded assembly
- Finished resetting the current domain, in  0.324 seconds
Domain Reload Profiling: 877ms
	BeginReloadAssembly (197ms)
		ExecutionOrderSort (0ms)
		DisableScriptedObjects (0ms)
		BackupInstance (0ms)
		ReleaseScriptingObjects (0ms)
		CreateAndSetChildDomain (1ms)
	RebuildCommonClasses (45ms)
	RebuildNativeTypeToScriptingClass (12ms)
	initialDomainReloadingComplete (130ms)
	LoadAllAssembliesAndSetupDomain (169ms)
		LoadAssemblies (188ms)
		RebuildTransferFunctionScriptingTraits (0ms)
		AnalyzeDomain (166ms)
			TypeCache.Refresh (164ms)
				TypeCache.ScanAssembly (148ms)
			ScanForSourceGeneratedMonoScriptInfo (0ms)
			ResolveRequiredComponents (1ms)
	FinalizeReload (324ms)
		ReleaseScriptCaches (0ms)
		RebuildScriptCaches (0ms)
		SetupLoadedEditorAssemblies (270ms)
			LogAssemblyErrors (0ms)
			InitializePlatformSupportModulesInManaged (21ms)
			SetLoadedEditorAssemblies (8ms)
			RefreshPlugins (0ms)
			BeforeProcessingInitializeOnLoad (2ms)
			ProcessInitializeOnLoadAttributes (182ms)
			ProcessInitializeOnLoadMethodAttributes (56ms)
			AfterProcessingInitializeOnLoad (0ms)
			EditorAssembliesLoaded (0ms)
		ExecutionOrderSort2 (0ms)
		AwakeInstancesAfterBackupRestoration (0ms)
========================================================================
Worker process is ready to serve import requests
Caller must complete domain reload
Begin MonoManager ReloadAssembly
- Loaded All Assemblies, in  1.083 seconds
Native extension for WindowsStandalone target not found
Package Manager log level set to [2]
[Package Manager] Server::EnsureServerProcessIsRunning -- launch failed, reason: Unity was launched with the -noUpm command-line argument
[Package Manager] UpmClient::Send -- Unable to send message (not connected to UPM process).
[Package Manager] Cannot connect to Unity Package Manager local server
Mono: successfully reloaded assembly
- Finished resetting the current domain, in  0.864 seconds
Domain Reload Profiling: 1930ms
	BeginReloadAssembly (229ms)
		ExecutionOrderSort (0ms)
		DisableScriptedObjects (6ms)
		BackupInstance (0ms)
		ReleaseScriptingObjects (0ms)
		CreateAndSetChildDomain (24ms)
	RebuildCommonClasses (45ms)
	RebuildNativeTypeToScriptingClass (12ms)
	initialDomainReloadingComplete (82ms)
	LoadAllAssembliesAndSetupDomain (698ms)
		LoadAssemblies (627ms)
		RebuildTransferFunctionScriptingTraits (0ms)
		AnalyzeDomain (222ms)
			TypeCache.Refresh (187ms)
				TypeCache.ScanAssembly (165ms)
			ScanForSourceGeneratedMonoScriptInfo (27ms)
			ResolveRequiredComponents (6ms)
	FinalizeReload (865ms)
		ReleaseScriptCaches (0ms)
		RebuildScriptCaches (0ms)
		SetupLoadedEditorAssemblies (687ms)
			LogAssemblyErrors (0ms)
			InitializePlatformSupportModulesInManaged (17ms)
			SetLoadedEditorAssemblies (4ms)
			RefreshPlugins (0ms)
			BeforeProcessingInitializeOnLoad (139ms)
			ProcessInitializeOnLoadAttributes (455ms)
			ProcessInitializeOnLoadMethodAttributes (39ms)
			AfterProcessingInitializeOnLoad (33ms)
			EditorAssembliesLoaded (0ms)
		ExecutionOrderSort2 (0ms)
		AwakeInstancesAfterBackupRestoration (7ms)
Launched and connected shader compiler UnityShaderCompiler.exe after 0.55 seconds
Refreshing native plugins compatible for Editor in 18.18 ms, found 4 plugins.
Preloading 0 native plugins for Editor in 0.00 ms.
Unloading 3944 Unused Serialized files (Serialized files now loaded: 0)
Unloading 38 unused Assets / (241.0 KB). Loaded Objects now: 4407.
Memory consumption went from 138.7 MB to 138.5 MB.
Total: 4.514000 ms (FindLiveObjects: 0.400200 ms CreateObjectMapping: 0.133900 ms MarkObjects: 3.733800 ms  DeleteObjects: 0.245100 ms)

AssetImportParameters requested are different than current active one (requested -> active):
  custom:container-demuxer-ogg: 62fdf1f143b41e24485cea50d1cbac27 -> 
  custom:video-decoder-ogg-theora: a1e56fd34408186e4bbccfd4996cb3dc -> 
  custom:framework-win-MediaFoundation: 216162199b28c13a410421893ffa2e32 -> 
  custom:CustomObjectIndexerAttribute: 9a22284fe3817be447336de3de66b15e -> 
  custom:container-demuxer-webm: 4f35f7cbe854078d1ac9338744f61a02 -> 
  custom:container-muxer-webm: aa71ff27fc2769a1b78a27578f13a17b -> 
  custom:video-decoder-webm-vp8: 9c59270c3fd7afecdb556c50c9e8de78 -> 
  custom:SearchIndexIgnoredProperties: e643bd26f0fe6173181afceb89e7c659 -> 
  custom:AudioImporter_EditorPlatform: d09bf68614088b80899f8185d706f6e7 -> 
  custom:video-encoder-webm-vp8: eb34c28f22e8b96e1ab97ce403110664 -> 
  custom:audio-decoder-ogg-vorbis: bf7c407c2cedff20999df2af8eb42d56 -> 
  custom:audio-encoder-webm-vorbis: bf7c407c2cedff20999df2af8eb42d56 -> 
========================================================================
Received Import Request.
  Time since last request: 275349.221758 seconds.
  path: Assets/TRUNG NGUYEN/Defend Game Basic/Arts/Sprites/Hero/01
  artifactKey: Guid(656d28a5b97bd7644a9932eddddf1ecb) Importer(815301076,1909f56bfc062723c751e8b465ee728b)
Start importing Assets/TRUNG NGUYEN/Defend Game Basic/Arts/Sprites/Hero/01 using Guid(656d28a5b97bd7644a9932eddddf1ecb) Importer(815301076,1909f56bfc062723c751e8b465ee728b) [PhysX] Initialized MultithreadedTaskDispatcher with 12 workers.
 -> (artifact id: '5f2112073056cce3c7972d840814ff9a') in 0.002928 seconds
Number of updated asset objects reloaded before import = 0
Number of asset objects unloaded after import = 0
========================================================================
Received Import Request.
  Time since last request: 5.236301 seconds.
  path: Assets/TRUNG NGUYEN/Defend Game Basic/Arts/Sprites/Hero/01/Idle
  artifactKey: Guid(3f64d94800caa934f8b179805fe24260) Importer(815301076,1909f56bfc062723c751e8b465ee728b)
Start importing Assets/TRUNG NGUYEN/Defend Game Basic/Arts/Sprites/Hero/01/Idle using Guid(3f64d94800caa934f8b179805fe24260) Importer(815301076,1909f56bfc062723c751e8b465ee728b) [PhysX] Initialized MultithreadedTaskDispatcher with 12 workers.
 -> (artifact id: 'c19fb3e1c266f932f3da0f2075b7008d') in 0.000734 seconds
Number of updated asset objects reloaded before import = 0
Number of asset objects unloaded after import = 0
========================================================================
Received Import Request.
  Time since last request: 0.045165 seconds.
  path: Assets/TRUNG NGUYEN/Defend Game Basic/Arts/Sprites/Hero/01/Idle/Idle_00.png
  artifactKey: Guid(d52883df7dd92c943b4adddf8e8ed68d) Importer(815301076,1909f56bfc062723c751e8b465ee728b)
Start importing Assets/TRUNG NGUYEN/Defend Game Basic/Arts/Sprites/Hero/01/Idle/Idle_00.png using Guid(d52883df7dd92c943b4adddf8e8ed68d) Importer(815301076,1909f56bfc062723c751e8b465ee728b) [PhysX] Initialized MultithreadedTaskDispatcher with 12 workers.
[PhysX] Initialized MultithreadedTaskDispatcher with 12 workers.
 -> (artifact id: 'c91c634bbbd71f770b784a7e352e9085') in 0.159751 seconds
Number of updated asset objects reloaded before import = 0
Number of asset objects unloaded after import = 3
========================================================================
Received Import Request.
  Time since last request: 0.000023 seconds.
  path: Assets/TRUNG NGUYEN/Defend Game Basic/Arts/Sprites/Hero/01/Idle/Idle_05.png
  artifactKey: Guid(08099d7c78b42d34c834fc040eedb63b) Importer(815301076,1909f56bfc062723c751e8b465ee728b)
Start importing Assets/TRUNG NGUYEN/Defend Game Basic/Arts/Sprites/Hero/01/Idle/Idle_05.png using Guid(08099d7c78b42d34c834fc040eedb63b) Importer(815301076,1909f56bfc062723c751e8b465ee728b) [PhysX] Initialized MultithreadedTaskDispatcher with 12 workers.
[PhysX] Initialized MultithreadedTaskDispatcher with 12 workers.
 -> (artifact id: '3f3f5748c59d4cce64c33ae2e55097ce') in 0.042239 seconds
Number of updated asset objects reloaded before import = 0
Number of asset objects unloaded after import = 3
========================================================================
Received Import Request.
  Time since last request: 0.000031 seconds.
  path: Assets/TRUNG NGUYEN/Defend Game Basic/Arts/Sprites/Hero/01/Idle/Idle_06.png
  artifactKey: Guid(4bbd25817aae1ca4588feac10ea679e9) Importer(815301076,1909f56bfc062723c751e8b465ee728b)
Start importing Assets/TRUNG NGUYEN/Defend Game Basic/Arts/Sprites/Hero/01/Idle/Idle_06.png using Guid(4bbd25817aae1ca4588feac10ea679e9) Importer(815301076,1909f56bfc062723c751e8b465ee728b) [PhysX] Initialized MultithreadedTaskDispatcher with 12 workers.
[PhysX] Initialized MultithreadedTaskDispatcher with 12 workers.
 -> (artifact id: 'dc80db44248376f83245acbd60572a46') in 0.015063 seconds
Number of updated asset objects reloaded before import = 0
Number of asset objects unloaded after import = 3
========================================================================
Received Import Request.
  Time since last request: 11.581387 seconds.
  path: ProjectSettings/TagManager.asset
  artifactKey: Guid(00000000000000003000000000000000) Importer(815301076,1909f56bfc062723c751e8b465ee728b)
Start importing ProjectSettings/TagManager.asset using Guid(00000000000000003000000000000000) Importer(815301076,1909f56bfc062723c751e8b465ee728b) [PhysX] Initialized MultithreadedTaskDispatcher with 12 workers.
 -> (artifact id: 'a2ed4f3eafcc2bc862c440eaeb831565') in 0.001260 seconds
Number of updated asset objects reloaded before import = 0
Number of asset objects unloaded after import = 0
========================================================================
Received Import Request.
  Time since last request: 47.629891 seconds.
  path: Assets/TRUNG NGUYEN/Defend Game Basic/Arts/Sprites/Hero
  artifactKey: Guid(68d8a63b47a8ebe49952471750a45e67) Importer(815301076,1909f56bfc062723c751e8b465ee728b)
Start importing Assets/TRUNG NGUYEN/Defend Game Basic/Arts/Sprites/Hero using Guid(68d8a63b47a8ebe49952471750a45e67) Importer(815301076,1909f56bfc062723c751e8b465ee728b) [PhysX] Initialized MultithreadedTaskDispatcher with 12 workers.
 -> (artifact id: 'd6194a433f55f7a0ffe5f51424873f0a') in 0.000750 seconds
Number of updated asset objects reloaded before import = 0
Number of asset objects unloaded after import = 0
========================================================================
Received Import Request.
  Time since last request: 210.917382 seconds.
  path: Assets/TRUNG NGUYEN/Defend Game Basic/Arts/Sprites/Hero/01/Idle/Idle_12.png
  artifactKey: Guid(2dd97eb04c0bc234fae86685d4a30e99) Importer(815301076,1909f56bfc062723c751e8b465ee728b)
Start importing Assets/TRUNG NGUYEN/Defend Game Basic/Arts/Sprites/Hero/01/Idle/Idle_12.png using Guid(2dd97eb04c0bc234fae86685d4a30e99) Importer(815301076,1909f56bfc062723c751e8b465ee728b) [PhysX] Initialized MultithreadedTaskDispatcher with 12 workers.
[PhysX] Initialized MultithreadedTaskDispatcher with 12 workers.
 -> (artifact id: '61290537159cf89f6d87d90445888ffc') in 0.024365 seconds
Number of updated asset objects reloaded before import = 0
Number of asset objects unloaded after import = 3
========================================================================
Received Import Request.
  Time since last request: 0.010828 seconds.
  path: Assets/TRUNG NGUYEN/Defend Game Basic/Arts/Sprites/Hero/01/Idle/Idle_13.png
  artifactKey: Guid(5f1e19754e56b0d4682993a89f589182) Importer(815301076,1909f56bfc062723c751e8b465ee728b)
Start importing Assets/TRUNG NGUYEN/Defend Game Basic/Arts/Sprites/Hero/01/Idle/Idle_13.png using Guid(5f1e19754e56b0d4682993a89f589182) Importer(815301076,1909f56bfc062723c751e8b465ee728b) [PhysX] Initialized MultithreadedTaskDispatcher with 12 workers.
[PhysX] Initialized MultithreadedTaskDispatcher with 12 workers.
 -> (artifact id: '34347d02dd0116801b5e2988fb72ef66') in 0.013501 seconds
Number of updated asset objects reloaded before import = 0
Number of asset objects unloaded after import = 3
========================================================================
Received Import Request.
  Time since last request: 68.042707 seconds.
  path: Assets/TRUNG NGUYEN/Defend Game Basic/Arts/Sprites/Hero/01/Attack/Attack_04.png
  artifactKey: Guid(9241027695de19543bbeaf8beb01f28c) Importer(815301076,1909f56bfc062723c751e8b465ee728b)
Start importing Assets/TRUNG NGUYEN/Defend Game Basic/Arts/Sprites/Hero/01/Attack/Attack_04.png using Guid(9241027695de19543bbeaf8beb01f28c) Importer(815301076,1909f56bfc062723c751e8b465ee728b) [PhysX] Initialized MultithreadedTaskDispatcher with 12 workers.
[PhysX] Initialized MultithreadedTaskDispatcher with 12 workers.
 -> (artifact id: '0d7a81876f80ff0732bc51f2010032fc') in 0.017276 seconds
Number of updated asset objects reloaded before import = 0
Number of asset objects unloaded after import = 3
========================================================================
Received Import Request.
  Time since last request: 0.022970 seconds.
  path: Assets/TRUNG NGUYEN/Defend Game Basic/Arts/Sprites/Hero/01/Attack/Attack_07.png
  artifactKey: Guid(107f5b65b7183e84599f82ea3fe3d2f1) Importer(815301076,1909f56bfc062723c751e8b465ee728b)
Start importing Assets/TRUNG NGUYEN/Defend Game Basic/Arts/Sprites/Hero/01/Attack/Attack_07.png using Guid(107f5b65b7183e84599f82ea3fe3d2f1) Importer(815301076,1909f56bfc062723c751e8b465ee728b) [PhysX] Initialized MultithreadedTaskDispatcher with 12 workers.
[PhysX] Initialized MultithreadedTaskDispatcher with 12 workers.
 -> (artifact id: 'c6967b278a2f17f6fa07b93111e052c6') in 0.018953 seconds
Number of updated asset objects reloaded before import = 0
Number of asset objects unloaded after import = 3
========================================================================
Received Import Request.
  Time since last request: 0.000026 seconds.
  path: Assets/TRUNG NGUYEN/Defend Game Basic/Arts/Sprites/Hero/01/Attack/Attack_11.png
  artifactKey: Guid(c8f42e0be02e6d446b3da4569f054fbe) Importer(815301076,1909f56bfc062723c751e8b465ee728b)
Start importing Assets/TRUNG NGUYEN/Defend Game Basic/Arts/Sprites/Hero/01/Attack/Attack_11.png using Guid(c8f42e0be02e6d446b3da4569f054fbe) Importer(815301076,1909f56bfc062723c751e8b465ee728b) [PhysX] Initialized MultithreadedTaskDispatcher with 12 workers.
[PhysX] Initialized MultithreadedTaskDispatcher with 12 workers.
 -> (artifact id: 'fa072da45cd8e8f3db17d5cc7c030b03') in 0.022111 seconds
Number of updated asset objects reloaded before import = 0
Number of asset objects unloaded after import = 3
========================================================================
Received Import Request.
  Time since last request: 0.000021 seconds.
  path: Assets/TRUNG NGUYEN/Defend Game Basic/Arts/Sprites/Hero/01/Attack/Attack_12.png
  artifactKey: Guid(63bf3ad2d9a32d24cbba5b38c2d8303f) Importer(815301076,1909f56bfc062723c751e8b465ee728b)
Start importing Assets/TRUNG NGUYEN/Defend Game Basic/Arts/Sprites/Hero/01/Attack/Attack_12.png using Guid(63bf3ad2d9a32d24cbba5b38c2d8303f) Importer(815301076,1909f56bfc062723c751e8b465ee728b) [PhysX] Initialized MultithreadedTaskDispatcher with 12 workers.
[PhysX] Initialized MultithreadedTaskDispatcher with 12 workers.
 -> (artifact id: '2232d506f72f8c56ef560297fa9aa5dc') in 0.023901 seconds
Number of updated asset objects reloaded before import = 0
Number of asset objects unloaded after import = 3
========================================================================
Received Import Request.
  Time since last request: 0.000022 seconds.
  path: Assets/TRUNG NGUYEN/Defend Game Basic/Arts/Sprites/Hero/01/Attack/Attack_14.png
  artifactKey: Guid(9699ac554bbfb2e4c875f38d911e00d5) Importer(815301076,1909f56bfc062723c751e8b465ee728b)
Start importing Assets/TRUNG NGUYEN/Defend Game Basic/Arts/Sprites/Hero/01/Attack/Attack_14.png using Guid(9699ac554bbfb2e4c875f38d911e00d5) Importer(815301076,1909f56bfc062723c751e8b465ee728b) [PhysX] Initialized MultithreadedTaskDispatcher with 12 workers.
[PhysX] Initialized MultithreadedTaskDispatcher with 12 workers.
 -> (artifact id: 'b3cb87613e530959535b998c3b4b48e2') in 0.031837 seconds
Number of updated asset objects reloaded before import = 0
Number of asset objects unloaded after import = 3
========================================================================
Received Import Request.
  Time since last request: 2.103897 seconds.
  path: Assets/TRUNG NGUYEN/Defend Game Basic/Arts/Sprites/Hero/01/Attack/Attack_15.png
  artifactKey: Guid(25a84d6de45260744ba2996b29869143) Importer(815301076,1909f56bfc062723c751e8b465ee728b)
Start importing Assets/TRUNG NGUYEN/Defend Game Basic/Arts/Sprites/Hero/01/Attack/Attack_15.png using Guid(25a84d6de45260744ba2996b29869143) Importer(815301076,1909f56bfc062723c751e8b465ee728b) [PhysX] Initialized MultithreadedTaskDispatcher with 12 workers.
[PhysX] Initialized MultithreadedTaskDispatcher with 12 workers.
 -> (artifact id: '3b68415d4ad4e0dbd62c2423a7f0f603') in 0.014946 seconds
Number of updated asset objects reloaded before import = 0
Number of asset objects unloaded after import = 3
========================================================================
Received Import Request.
  Time since last request: 0.024381 seconds.
  path: Assets/TRUNG NGUYEN/Defend Game Basic/Arts/Sprites/Hero/01/Attack/Attack_16.png
  artifactKey: Guid(5ba6ff9cc9721d34695ba3828d792d36) Importer(815301076,1909f56bfc062723c751e8b465ee728b)
Start importing Assets/TRUNG NGUYEN/Defend Game Basic/Arts/Sprites/Hero/01/Attack/Attack_16.png using Guid(5ba6ff9cc9721d34695ba3828d792d36) Importer(815301076,1909f56bfc062723c751e8b465ee728b) [PhysX] Initialized MultithreadedTaskDispatcher with 12 workers.
[PhysX] Initialized MultithreadedTaskDispatcher with 12 workers.
 -> (artifact id: '6af38f30099ff483232c4cfb429f24b8') in 0.014774 seconds
Number of updated asset objects reloaded before import = 0
Number of asset objects unloaded after import = 3
========================================================================
Received Import Request.
  Time since last request: 0.010513 seconds.
  path: Assets/TRUNG NGUYEN/Defend Game Basic/Arts/Sprites/Hero/01/Attack/Attack_18.png
  artifactKey: Guid(9bc534b9919b5064dab6b9892325f9c8) Importer(815301076,1909f56bfc062723c751e8b465ee728b)
Start importing Assets/TRUNG NGUYEN/Defend Game Basic/Arts/Sprites/Hero/01/Attack/Attack_18.png using Guid(9bc534b9919b5064dab6b9892325f9c8) Importer(815301076,1909f56bfc062723c751e8b465ee728b) [PhysX] Initialized MultithreadedTaskDispatcher with 12 workers.
[PhysX] Initialized MultithreadedTaskDispatcher with 12 workers.
 -> (artifact id: '58b94ef06263a31beeea061336ef8d77') in 0.014521 seconds
Number of updated asset objects reloaded before import = 0
Number of asset objects unloaded after import = 3
========================================================================
Received Import Request.
  Time since last request: 0.599554 seconds.
  path: Assets/TRUNG NGUYEN/Defend Game Basic/Arts/Sprites/Hero/01/Attack/Attack_19.png
  artifactKey: Guid(e18dd49d84ae2804fa81aad0e7207a8e) Importer(815301076,1909f56bfc062723c751e8b465ee728b)
Start importing Assets/TRUNG NGUYEN/Defend Game Basic/Arts/Sprites/Hero/01/Attack/Attack_19.png using Guid(e18dd49d84ae2804fa81aad0e7207a8e) Importer(815301076,1909f56bfc062723c751e8b465ee728b) [PhysX] Initialized MultithreadedTaskDispatcher with 12 workers.
[PhysX] Initialized MultithreadedTaskDispatcher with 12 workers.
 -> (artifact id: 'e23c8106fa8622d3d3b00b6bbe99ffa6') in 0.014994 seconds
Number of updated asset objects reloaded before import = 0
Number of asset objects unloaded after import = 3
========================================================================
Received Import Request.
  Time since last request: 21.130808 seconds.
  path: Assets/TRUNG NGUYEN/Defend Game Basic/Arts/Sprites/Hero/01/Death/Death_10.png
  artifactKey: Guid(4763ed25a119d6344b50e0cb06af31d2) Importer(815301076,1909f56bfc062723c751e8b465ee728b)
Start importing Assets/TRUNG NGUYEN/Defend Game Basic/Arts/Sprites/Hero/01/Death/Death_10.png using Guid(4763ed25a119d6344b50e0cb06af31d2) Importer(815301076,1909f56bfc062723c751e8b465ee728b) [PhysX] Initialized MultithreadedTaskDispatcher with 12 workers.
[PhysX] Initialized MultithreadedTaskDispatcher with 12 workers.
 -> (artifact id: 'dcdf1960235235af16fec8c822268680') in 0.020104 seconds
Number of updated asset objects reloaded before import = 0
Number of asset objects unloaded after import = 3
========================================================================
Received Import Request.
  Time since last request: 0.000045 seconds.
  path: Assets/TRUNG NGUYEN/Defend Game Basic/Arts/Sprites/Hero/01/Death/Death_16.png
  artifactKey: Guid(fd3516ce0fed13e46b1e89027f54fdfd) Importer(815301076,1909f56bfc062723c751e8b465ee728b)
Start importing Assets/TRUNG NGUYEN/Defend Game Basic/Arts/Sprites/Hero/01/Death/Death_16.png using Guid(fd3516ce0fed13e46b1e89027f54fdfd) Importer(815301076,1909f56bfc062723c751e8b465ee728b) [PhysX] Initialized MultithreadedTaskDispatcher with 12 workers.
[PhysX] Initialized MultithreadedTaskDispatcher with 12 workers.
 -> (artifact id: 'c3d9f4960ccc2888d8c345d55dfba772') in 0.041424 seconds
Number of updated asset objects reloaded before import = 0
Number of asset objects unloaded after import = 3
========================================================================
Received Import Request.
  Time since last request: 0.000038 seconds.
  path: Assets/TRUNG NGUYEN/Defend Game Basic/Arts/Sprites/Hero/01/Death/Death_17.png
  artifactKey: Guid(1af1e2280993ab945a053b007f2b2be6) Importer(815301076,1909f56bfc062723c751e8b465ee728b)
Start importing Assets/TRUNG NGUYEN/Defend Game Basic/Arts/Sprites/Hero/01/Death/Death_17.png using Guid(1af1e2280993ab945a053b007f2b2be6) Importer(815301076,1909f56bfc062723c751e8b465ee728b) [PhysX] Initialized MultithreadedTaskDispatcher with 12 workers.
[PhysX] Initialized MultithreadedTaskDispatcher with 12 workers.
 -> (artifact id: 'dd193b3bdfe998d3a49ec87c4df30291') in 0.014691 seconds
Number of updated asset objects reloaded before import = 0
Number of asset objects unloaded after import = 3
========================================================================
Received Import Request.
  Time since last request: 0.000023 seconds.
  path: Assets/TRUNG NGUYEN/Defend Game Basic/Arts/Sprites/Hero/01/Death/Death_18.png
  artifactKey: Guid(85630304a28241042865a0122573c144) Importer(815301076,1909f56bfc062723c751e8b465ee728b)
Start importing Assets/TRUNG NGUYEN/Defend Game Basic/Arts/Sprites/Hero/01/Death/Death_18.png using Guid(85630304a28241042865a0122573c144) Importer(815301076,1909f56bfc062723c751e8b465ee728b) [PhysX] Initialized MultithreadedTaskDispatcher with 12 workers.
[PhysX] Initialized MultithreadedTaskDispatcher with 12 workers.
 -> (artifact id: 'ca58cb43445f6a65e9da27b13774a62e') in 0.014042 seconds
Number of updated asset objects reloaded before import = 0
Number of asset objects unloaded after import = 3
========================================================================
Received Import Request.
  Time since last request: 0.000030 seconds.
  path: Assets/TRUNG NGUYEN/Defend Game Basic/Arts/Sprites/Hero/01/Death/Death_19.png
  artifactKey: Guid(0bd83955a9d42464582283205236b347) Importer(815301076,1909f56bfc062723c751e8b465ee728b)
Start importing Assets/TRUNG NGUYEN/Defend Game Basic/Arts/Sprites/Hero/01/Death/Death_19.png using Guid(0bd83955a9d42464582283205236b347) Importer(815301076,1909f56bfc062723c751e8b465ee728b) [PhysX] Initialized MultithreadedTaskDispatcher with 12 workers.
[PhysX] Initialized MultithreadedTaskDispatcher with 12 workers.
 -> (artifact id: '602202ef1f9ca56c3a348367e79832ae') in 0.015838 seconds
Number of updated asset objects reloaded before import = 0
Number of asset objects unloaded after import = 3
========================================================================
Received Import Request.
  Time since last request: 0.863081 seconds.
  path: Assets/TRUNG NGUYEN/Defend Game Basic/Arts/Sprites/Hero/01/Death/Death_09.png
  artifactKey: Guid(18a941545f666d844b566fb76a84b405) Importer(815301076,1909f56bfc062723c751e8b465ee728b)
Start importing Assets/TRUNG NGUYEN/Defend Game Basic/Arts/Sprites/Hero/01/Death/Death_09.png using Guid(18a941545f666d844b566fb76a84b405) Importer(815301076,1909f56bfc062723c751e8b465ee728b) [PhysX] Initialized MultithreadedTaskDispatcher with 12 workers.
[PhysX] Initialized MultithreadedTaskDispatcher with 12 workers.
 -> (artifact id: '36a9eaa796b550922a3cd8e7f5087dd8') in 0.015355 seconds
Number of updated asset objects reloaded before import = 0
Number of asset objects unloaded after import = 3
========================================================================
Received Import Request.
  Time since last request: 0.002671 seconds.
  path: Assets/TRUNG NGUYEN/Defend Game Basic/Arts/Sprites/Hero/01/Death/Death_08.png
  artifactKey: Guid(5cdcf5adb79062a40a602ca8f3b11aa7) Importer(815301076,1909f56bfc062723c751e8b465ee728b)
Start importing Assets/TRUNG NGUYEN/Defend Game Basic/Arts/Sprites/Hero/01/Death/Death_08.png using Guid(5cdcf5adb79062a40a602ca8f3b11aa7) Importer(815301076,1909f56bfc062723c751e8b465ee728b) [PhysX] Initialized MultithreadedTaskDispatcher with 12 workers.
[PhysX] Initialized MultithreadedTaskDispatcher with 12 workers.
 -> (artifact id: '61a71270b78d37e654f9653c644903c7') in 0.013391 seconds
Number of updated asset objects reloaded before import = 0
Number of asset objects unloaded after import = 3
========================================================================
Received Import Request.
  Time since last request: 0.223799 seconds.
  path: Assets/TRUNG NGUYEN/Defend Game Basic/Arts/Sprites/Hero/01/Death/Death_07.png
  artifactKey: Guid(8d523d445e531194599990af5391ee20) Importer(815301076,1909f56bfc062723c751e8b465ee728b)
Start importing Assets/TRUNG NGUYEN/Defend Game Basic/Arts/Sprites/Hero/01/Death/Death_07.png using Guid(8d523d445e531194599990af5391ee20) Importer(815301076,1909f56bfc062723c751e8b465ee728b) [PhysX] Initialized MultithreadedTaskDispatcher with 12 workers.
[PhysX] Initialized MultithreadedTaskDispatcher with 12 workers.
 -> (artifact id: '1d4a3054296cda417748d098ec8c1d38') in 0.014921 seconds
Number of updated asset objects reloaded before import = 0
Number of asset objects unloaded after import = 3
========================================================================
Received Import Request.
  Time since last request: 0.086589 seconds.
  path: Assets/TRUNG NGUYEN/Defend Game Basic/Arts/Sprites/Hero/01/Death/Death_05.png
  artifactKey: Guid(2aef65cf6fc41174dacea50003d0f322) Importer(815301076,1909f56bfc062723c751e8b465ee728b)
Start importing Assets/TRUNG NGUYEN/Defend Game Basic/Arts/Sprites/Hero/01/Death/Death_05.png using Guid(2aef65cf6fc41174dacea50003d0f322) Importer(815301076,1909f56bfc062723c751e8b465ee728b) [PhysX] Initialized MultithreadedTaskDispatcher with 12 workers.
[PhysX] Initialized MultithreadedTaskDispatcher with 12 workers.
 -> (artifact id: 'bdb9963cae8fc7106765695c12cc8e65') in 0.014242 seconds
Number of updated asset objects reloaded before import = 0
Number of asset objects unloaded after import = 3
========================================================================
Received Import Request.
  Time since last request: 0.132518 seconds.
  path: Assets/TRUNG NGUYEN/Defend Game Basic/Arts/Sprites/Hero/01/Death/Death_04.png
  artifactKey: Guid(45e6c82ffb5c28f40b272dd239887537) Importer(815301076,1909f56bfc062723c751e8b465ee728b)
Start importing Assets/TRUNG NGUYEN/Defend Game Basic/Arts/Sprites/Hero/01/Death/Death_04.png using Guid(45e6c82ffb5c28f40b272dd239887537) Importer(815301076,1909f56bfc062723c751e8b465ee728b) [PhysX] Initialized MultithreadedTaskDispatcher with 12 workers.
[PhysX] Initialized MultithreadedTaskDispatcher with 12 workers.
 -> (artifact id: '1fc1d668470556ab02b2c1c4279c3dbb') in 0.015688 seconds
Number of updated asset objects reloaded before import = 0
Number of asset objects unloaded after import = 3
========================================================================
Received Import Request.
  Time since last request: 0.078169 seconds.
  path: Assets/TRUNG NGUYEN/Defend Game Basic/Arts/Sprites/Hero/01/Death/Death_02.png
  artifactKey: Guid(27743bfa7108e674cb0b5f10386de38b) Importer(815301076,1909f56bfc062723c751e8b465ee728b)
Start importing Assets/TRUNG NGUYEN/Defend Game Basic/Arts/Sprites/Hero/01/Death/Death_02.png using Guid(27743bfa7108e674cb0b5f10386de38b) Importer(815301076,1909f56bfc062723c751e8b465ee728b) [PhysX] Initialized MultithreadedTaskDispatcher with 12 workers.
[PhysX] Initialized MultithreadedTaskDispatcher with 12 workers.
 -> (artifact id: '7c2888ba3097d5facd296776e3587ef0') in 0.016716 seconds
Number of updated asset objects reloaded before import = 0
Number of asset objects unloaded after import = 3
========================================================================
Received Import Request.
  Time since last request: 0.159639 seconds.
  path: Assets/TRUNG NGUYEN/Defend Game Basic/Arts/Sprites/Hero/01/Death/Death_01.png
  artifactKey: Guid(459a4f62ca4150d47855993789395534) Importer(815301076,1909f56bfc062723c751e8b465ee728b)
Start importing Assets/TRUNG NGUYEN/Defend Game Basic/Arts/Sprites/Hero/01/Death/Death_01.png using Guid(459a4f62ca4150d47855993789395534) Importer(815301076,1909f56bfc062723c751e8b465ee728b) [PhysX] Initialized MultithreadedTaskDispatcher with 12 workers.
[PhysX] Initialized MultithreadedTaskDispatcher with 12 workers.
 -> (artifact id: 'f47951ef7d953f1d4eec86c7a96c8144') in 0.013303 seconds
Number of updated asset objects reloaded before import = 0
Number of asset objects unloaded after import = 3
========================================================================
Received Import Request.
  Time since last request: 0.074472 seconds.
  path: Assets/TRUNG NGUYEN/Defend Game Basic/Arts/Sprites/Hero/01/Death/Death_00.png
  artifactKey: Guid(b3da404cb88584246a4898441fa35481) Importer(815301076,1909f56bfc062723c751e8b465ee728b)
Start importing Assets/TRUNG NGUYEN/Defend Game Basic/Arts/Sprites/Hero/01/Death/Death_00.png using Guid(b3da404cb88584246a4898441fa35481) Importer(815301076,1909f56bfc062723c751e8b465ee728b) [PhysX] Initialized MultithreadedTaskDispatcher with 12 workers.
[PhysX] Initialized MultithreadedTaskDispatcher with 12 workers.
 -> (artifact id: '9cd778228f70a654164eb3e001027895') in 0.014656 seconds
Number of updated asset objects reloaded before import = 0
Number of asset objects unloaded after import = 3
========================================================================
Received Import Request.
  Time since last request: 37.607223 seconds.
  path: Assets/TRUNG NGUYEN/Defend Game Basic/Prefabs/Hero_1.prefab
  artifactKey: Guid(07dff533a2b1e704a94d45843719ecbb) Importer(815301076,1909f56bfc062723c751e8b465ee728b)
Start importing Assets/TRUNG NGUYEN/Defend Game Basic/Prefabs/Hero_1.prefab using Guid(07dff533a2b1e704a94d45843719ecbb) Importer(815301076,1909f56bfc062723c751e8b465ee728b) [PhysX] Initialized MultithreadedTaskDispatcher with 12 workers.
[PhysX] Initialized MultithreadedTaskDispatcher with 12 workers.
The Animator Controller (Idle_00) you have used is not valid. Animations will not play
UnityEngine.StackTraceUtility:ExtractStackTrace ()
UnityEditor.EditorUtility:Internal_InstantiateRemoveAllNonAnimationComponentsSingle (UnityEngine.Object,UnityEngine.Vector3,UnityEngine.Quaternion)
UnityEditor.EditorUtility:InstantiateRemoveAllNonAnimationComponents (UnityEngine.Object,UnityEngine.Vector3,UnityEngine.Quaternion)
UnityEditor.EditorUtility:InstantiateForAnimatorPreview (UnityEngine.Object)
UnityEditor.GameObjectInspector/PreviewData:UpdateGameObject (UnityEngine.Object)
UnityEditor.GameObjectInspector/PreviewData:.ctor (UnityEngine.Object,bool)
UnityEditor.GameObjectInspector:GetPreviewData (bool)
UnityEditor.GameObjectInspector:RenderStaticPreview (string,UnityEngine.Object[],int,int)
UnityEditor.AssetPreviewUpdater:CreatePreview (UnityEngine.Object,UnityEngine.Object[],string,int,int)
UnityEditor.AssetPreviewUpdater:CreatePreviewForAsset (UnityEngine.Object,UnityEngine.Object[],string)

[C:\build\output\unity\unity\Modules\Animation\Director\AnimatorControllerPlayable.cpp line 334]

 -> (artifact id: '9b372b4947efa0804c3b63dc1e848e60') in 0.048489 seconds
Number of updated asset objects reloaded before import = 0
Number of asset objects unloaded after import = 9
========================================================================
Received Import Request.
  Time since last request: 20.187292 seconds.
  path: Assets/TRUNG NGUYEN/Defend Game Basic/Arts/Sprites/Hero/02/Idle
  artifactKey: Guid(fd1e395ccbb437440ae38e6ecba8d780) Importer(815301076,1909f56bfc062723c751e8b465ee728b)
Start importing Assets/TRUNG NGUYEN/Defend Game Basic/Arts/Sprites/Hero/02/Idle using Guid(fd1e395ccbb437440ae38e6ecba8d780) Importer(815301076,1909f56bfc062723c751e8b465ee728b) [PhysX] Initialized MultithreadedTaskDispatcher with 12 workers.
 -> (artifact id: 'f54f79fe2c72f7a34fd6e590a8e0cb46') in 0.000843 seconds
Number of updated asset objects reloaded before import = 0
Number of asset objects unloaded after import = 0
========================================================================
Received Import Request.
  Time since last request: 0.059634 seconds.
  path: Assets/TRUNG NGUYEN/Defend Game Basic/Arts/Sprites/Hero/02/Idle/Idle_00.png
  artifactKey: Guid(c67d92dd0cce17c478c500b7ca19aa0a) Importer(815301076,1909f56bfc062723c751e8b465ee728b)
Start importing Assets/TRUNG NGUYEN/Defend Game Basic/Arts/Sprites/Hero/02/Idle/Idle_00.png using Guid(c67d92dd0cce17c478c500b7ca19aa0a) Importer(815301076,1909f56bfc062723c751e8b465ee728b) [PhysX] Initialized MultithreadedTaskDispatcher with 12 workers.
[PhysX] Initialized MultithreadedTaskDispatcher with 12 workers.
 -> (artifact id: 'c0a3d210074bdb15c34e3c857ed00f05') in 0.017726 seconds
Number of updated asset objects reloaded before import = 0
Number of asset objects unloaded after import = 3
========================================================================
Received Import Request.
  Time since last request: 0.000027 seconds.
  path: Assets/TRUNG NGUYEN/Defend Game Basic/Arts/Sprites/Hero/02/Idle/Idle_07.png
  artifactKey: Guid(e0db2be055d8fcf4c9695e6c0be07da6) Importer(815301076,1909f56bfc062723c751e8b465ee728b)
Start importing Assets/TRUNG NGUYEN/Defend Game Basic/Arts/Sprites/Hero/02/Idle/Idle_07.png using Guid(e0db2be055d8fcf4c9695e6c0be07da6) Importer(815301076,1909f56bfc062723c751e8b465ee728b) [PhysX] Initialized MultithreadedTaskDispatcher with 12 workers.
[PhysX] Initialized MultithreadedTaskDispatcher with 12 workers.
 -> (artifact id: 'ba48f84f86ca6ad42d326987fb06630f') in 0.022257 seconds
Number of updated asset objects reloaded before import = 0
Number of asset objects unloaded after import = 3
========================================================================
Received Import Request.
  Time since last request: 0.000017 seconds.
  path: Assets/TRUNG NGUYEN/Defend Game Basic/Arts/Sprites/Hero/02/Idle/Idle_06.png
  artifactKey: Guid(133a08f076a29c348a13709ebb938cf2) Importer(815301076,1909f56bfc062723c751e8b465ee728b)
Start importing Assets/TRUNG NGUYEN/Defend Game Basic/Arts/Sprites/Hero/02/Idle/Idle_06.png using Guid(133a08f076a29c348a13709ebb938cf2) Importer(815301076,1909f56bfc062723c751e8b465ee728b) [PhysX] Initialized MultithreadedTaskDispatcher with 12 workers.
[PhysX] Initialized MultithreadedTaskDispatcher with 12 workers.
 -> (artifact id: '8c906d501164e4c7c6ccb98316df2ee7') in 0.031414 seconds
Number of updated asset objects reloaded before import = 0
Number of asset objects unloaded after import = 3
========================================================================
Received Import Request.
  Time since last request: 0.000018 seconds.
  path: Assets/TRUNG NGUYEN/Defend Game Basic/Arts/Sprites/Hero/02/Idle/Idle_08.png
  artifactKey: Guid(8c0d165e94621094cba99b7b77cd7a69) Importer(815301076,1909f56bfc062723c751e8b465ee728b)
Start importing Assets/TRUNG NGUYEN/Defend Game Basic/Arts/Sprites/Hero/02/Idle/Idle_08.png using Guid(8c0d165e94621094cba99b7b77cd7a69) Importer(815301076,1909f56bfc062723c751e8b465ee728b) [PhysX] Initialized MultithreadedTaskDispatcher with 12 workers.
[PhysX] Initialized MultithreadedTaskDispatcher with 12 workers.
 -> (artifact id: 'ad9daf490ea7597e1f15a71e0d237a01') in 0.062557 seconds
Number of updated asset objects reloaded before import = 0
Number of asset objects unloaded after import = 3
========================================================================
Received Import Request.
  Time since last request: 0.000022 seconds.
  path: Assets/TRUNG NGUYEN/Defend Game Basic/Arts/Sprites/Hero/02/Idle/Idle_05.png
  artifactKey: Guid(918147256e210ed45bff0fb294122ce2) Importer(815301076,1909f56bfc062723c751e8b465ee728b)
Start importing Assets/TRUNG NGUYEN/Defend Game Basic/Arts/Sprites/Hero/02/Idle/Idle_05.png using Guid(918147256e210ed45bff0fb294122ce2) Importer(815301076,1909f56bfc062723c751e8b465ee728b) [PhysX] Initialized MultithreadedTaskDispatcher with 12 workers.
[PhysX] Initialized MultithreadedTaskDispatcher with 12 workers.
 -> (artifact id: 'f34f1a44bc2ba1fb15ed322ce89cbb01') in 0.028714 seconds
Number of updated asset objects reloaded before import = 0
Number of asset objects unloaded after import = 3
========================================================================
Received Import Request.
  Time since last request: 0.000028 seconds.
  path: Assets/TRUNG NGUYEN/Defend Game Basic/Arts/Sprites/Hero/02/Idle/Idle_04.png
  artifactKey: Guid(7d2ed0c4c1953374d888b7bf8f54712a) Importer(815301076,1909f56bfc062723c751e8b465ee728b)
Start importing Assets/TRUNG NGUYEN/Defend Game Basic/Arts/Sprites/Hero/02/Idle/Idle_04.png using Guid(7d2ed0c4c1953374d888b7bf8f54712a) Importer(815301076,1909f56bfc062723c751e8b465ee728b) [PhysX] Initialized MultithreadedTaskDispatcher with 12 workers.
[PhysX] Initialized MultithreadedTaskDispatcher with 12 workers.
 -> (artifact id: '4af08f66a5c2ea85a61e4c8e8ad00cba') in 0.036098 seconds
Number of updated asset objects reloaded before import = 0
Number of asset objects unloaded after import = 3
========================================================================
Received Import Request.
  Time since last request: 13.523617 seconds.
  path: Assets/TRUNG NGUYEN/Defend Game Basic/Arts/Sprites/Hero/02/Idle/Idle_12.png
  artifactKey: Guid(c8c180e4d64187d4d9dcaebe62c3aabd) Importer(815301076,1909f56bfc062723c751e8b465ee728b)
Start importing Assets/TRUNG NGUYEN/Defend Game Basic/Arts/Sprites/Hero/02/Idle/Idle_12.png using Guid(c8c180e4d64187d4d9dcaebe62c3aabd) Importer(815301076,1909f56bfc062723c751e8b465ee728b) [PhysX] Initialized MultithreadedTaskDispatcher with 12 workers.
[PhysX] Initialized MultithreadedTaskDispatcher with 12 workers.
 -> (artifact id: 'cdd255ff45a7319930e8237edca7e292') in 0.018211 seconds
Number of updated asset objects reloaded before import = 0
Number of asset objects unloaded after import = 3
========================================================================
Received Import Request.
  Time since last request: 0.075117 seconds.
  path: Assets/TRUNG NGUYEN/Defend Game Basic/Arts/Sprites/Hero/02/Idle/Idle_13.png
  artifactKey: Guid(1e85ffef45da660428f8db5375b8b650) Importer(815301076,1909f56bfc062723c751e8b465ee728b)
Start importing Assets/TRUNG NGUYEN/Defend Game Basic/Arts/Sprites/Hero/02/Idle/Idle_13.png using Guid(1e85ffef45da660428f8db5375b8b650) Importer(815301076,1909f56bfc062723c751e8b465ee728b) [PhysX] Initialized MultithreadedTaskDispatcher with 12 workers.
[PhysX] Initialized MultithreadedTaskDispatcher with 12 workers.
 -> (artifact id: 'be29cfcf118e59be0835e5581874c1e6') in 0.015000 seconds
Number of updated asset objects reloaded before import = 0
Number of asset objects unloaded after import = 3
========================================================================
Received Import Request.
  Time since last request: 84.052587 seconds.
  path: Assets/TRUNG NGUYEN/Defend Game Basic/Arts/Sprites/Hero/02/Attack/Attack_00.png
  artifactKey: Guid(5ea80076f9752ec42a4ff19059ac65fa) Importer(815301076,1909f56bfc062723c751e8b465ee728b)
Start importing Assets/TRUNG NGUYEN/Defend Game Basic/Arts/Sprites/Hero/02/Attack/Attack_00.png using Guid(5ea80076f9752ec42a4ff19059ac65fa) Importer(815301076,1909f56bfc062723c751e8b465ee728b) [PhysX] Initialized MultithreadedTaskDispatcher with 12 workers.
[PhysX] Initialized MultithreadedTaskDispatcher with 12 workers.
 -> (artifact id: '3ad65953c50564cd904116c13c55a5ed') in 0.014911 seconds
Number of updated asset objects reloaded before import = 0
Number of asset objects unloaded after import = 3
========================================================================
Received Import Request.
  Time since last request: 0.020361 seconds.
  path: Assets/TRUNG NGUYEN/Defend Game Basic/Arts/Sprites/Hero/02/Attack/Attack_04.png
  artifactKey: Guid(669552efd582b224ab15870e0397ee2e) Importer(815301076,1909f56bfc062723c751e8b465ee728b)
Start importing Assets/TRUNG NGUYEN/Defend Game Basic/Arts/Sprites/Hero/02/Attack/Attack_04.png using Guid(669552efd582b224ab15870e0397ee2e) Importer(815301076,1909f56bfc062723c751e8b465ee728b) [PhysX] Initialized MultithreadedTaskDispatcher with 12 workers.
[PhysX] Initialized MultithreadedTaskDispatcher with 12 workers.
 -> (artifact id: '9da97c3d6fc65bfe40ab11d435943fe7') in 0.017324 seconds
Number of updated asset objects reloaded before import = 0
Number of asset objects unloaded after import = 3
========================================================================
Received Import Request.
  Time since last request: 0.000033 seconds.
  path: Assets/TRUNG NGUYEN/Defend Game Basic/Arts/Sprites/Hero/02/Attack/Attack_10.png
  artifactKey: Guid(4169bad5207d5d04287b3a72df624b39) Importer(815301076,1909f56bfc062723c751e8b465ee728b)
Start importing Assets/TRUNG NGUYEN/Defend Game Basic/Arts/Sprites/Hero/02/Attack/Attack_10.png using Guid(4169bad5207d5d04287b3a72df624b39) Importer(815301076,1909f56bfc062723c751e8b465ee728b) [PhysX] Initialized MultithreadedTaskDispatcher with 12 workers.
[PhysX] Initialized MultithreadedTaskDispatcher with 12 workers.
 -> (artifact id: '0e6ee0cf0e04ebf299142fd9ff5d90cb') in 0.035274 seconds
Number of updated asset objects reloaded before import = 0
Number of asset objects unloaded after import = 3
========================================================================
Received Import Request.
  Time since last request: 0.000025 seconds.
  path: Assets/TRUNG NGUYEN/Defend Game Basic/Arts/Sprites/Hero/02/Attack/Attack_08.png
  artifactKey: Guid(89d39cb3bc98a554cbc7660587784e82) Importer(815301076,1909f56bfc062723c751e8b465ee728b)
Start importing Assets/TRUNG NGUYEN/Defend Game Basic/Arts/Sprites/Hero/02/Attack/Attack_08.png using Guid(89d39cb3bc98a554cbc7660587784e82) Importer(815301076,1909f56bfc062723c751e8b465ee728b) [PhysX] Initialized MultithreadedTaskDispatcher with 12 workers.
[PhysX] Initialized MultithreadedTaskDispatcher with 12 workers.
 -> (artifact id: 'cae69804983474af15ec136dbac36acf') in 0.014804 seconds
Number of updated asset objects reloaded before import = 0
Number of asset objects unloaded after import = 3
========================================================================
Received Import Request.
  Time since last request: 0.000032 seconds.
  path: Assets/TRUNG NGUYEN/Defend Game Basic/Arts/Sprites/Hero/02/Attack/Attack_11.png
  artifactKey: Guid(f606635a2e3faa849a58519b997662f0) Importer(815301076,1909f56bfc062723c751e8b465ee728b)
Start importing Assets/TRUNG NGUYEN/Defend Game Basic/Arts/Sprites/Hero/02/Attack/Attack_11.png using Guid(f606635a2e3faa849a58519b997662f0) Importer(815301076,1909f56bfc062723c751e8b465ee728b) [PhysX] Initialized MultithreadedTaskDispatcher with 12 workers.
[PhysX] Initialized MultithreadedTaskDispatcher with 12 workers.
 -> (artifact id: '571f306d4c07eeef85a107533136f734') in 0.014363 seconds
Number of updated asset objects reloaded before import = 0
Number of asset objects unloaded after import = 3
========================================================================
Received Import Request.
  Time since last request: 0.000027 seconds.
  path: Assets/TRUNG NGUYEN/Defend Game Basic/Arts/Sprites/Hero/02/Attack/Attack_06.png
  artifactKey: Guid(47c48a5a393b61345937d51a9f3f7068) Importer(815301076,1909f56bfc062723c751e8b465ee728b)
Start importing Assets/TRUNG NGUYEN/Defend Game Basic/Arts/Sprites/Hero/02/Attack/Attack_06.png using Guid(47c48a5a393b61345937d51a9f3f7068) Importer(815301076,1909f56bfc062723c751e8b465ee728b) [PhysX] Initialized MultithreadedTaskDispatcher with 12 workers.
[PhysX] Initialized MultithreadedTaskDispatcher with 12 workers.
 -> (artifact id: '1a1e917b9785f7c231c39e793b1e2628') in 0.014044 seconds
Number of updated asset objects reloaded before import = 0
Number of asset objects unloaded after import = 3
========================================================================
Received Import Request.
  Time since last request: 15.077135 seconds.
  path: Assets/TRUNG NGUYEN/Defend Game Basic/Arts/Sprites/Hero/02/Death/Death_01.png
  artifactKey: Guid(e7f82b228c4448a41a837d25a9cee541) Importer(815301076,1909f56bfc062723c751e8b465ee728b)
Start importing Assets/TRUNG NGUYEN/Defend Game Basic/Arts/Sprites/Hero/02/Death/Death_01.png using Guid(e7f82b228c4448a41a837d25a9cee541) Importer(815301076,1909f56bfc062723c751e8b465ee728b) [PhysX] Initialized MultithreadedTaskDispatcher with 12 workers.
[PhysX] Initialized MultithreadedTaskDispatcher with 12 workers.
 -> (artifact id: '177075d1086d52d2c2c5a8c09e21d1d2') in 0.018704 seconds
Number of updated asset objects reloaded before import = 0
Number of asset objects unloaded after import = 3
========================================================================
Received Import Request.
  Time since last request: 0.000029 seconds.
  path: Assets/TRUNG NGUYEN/Defend Game Basic/Arts/Sprites/Hero/02/Death/Death_03.png
  artifactKey: Guid(9c16447383b73664daed3f90a99dd1be) Importer(815301076,1909f56bfc062723c751e8b465ee728b)
Start importing Assets/TRUNG NGUYEN/Defend Game Basic/Arts/Sprites/Hero/02/Death/Death_03.png using Guid(9c16447383b73664daed3f90a99dd1be) Importer(815301076,1909f56bfc062723c751e8b465ee728b) [PhysX] Initialized MultithreadedTaskDispatcher with 12 workers.
[PhysX] Initialized MultithreadedTaskDispatcher with 12 workers.
 -> (artifact id: 'f4d115e1dd57c8053af41b3eaf591bf9') in 0.030855 seconds
Number of updated asset objects reloaded before import = 0
Number of asset objects unloaded after import = 3
========================================================================
Received Import Request.
  Time since last request: 0.000018 seconds.
  path: Assets/TRUNG NGUYEN/Defend Game Basic/Arts/Sprites/Hero/02/Death/Death_06.png
  artifactKey: Guid(91a882b90b0d2ad42a1a751d7696a67c) Importer(815301076,1909f56bfc062723c751e8b465ee728b)
Start importing Assets/TRUNG NGUYEN/Defend Game Basic/Arts/Sprites/Hero/02/Death/Death_06.png using Guid(91a882b90b0d2ad42a1a751d7696a67c) Importer(815301076,1909f56bfc062723c751e8b465ee728b) [PhysX] Initialized MultithreadedTaskDispatcher with 12 workers.
[PhysX] Initialized MultithreadedTaskDispatcher with 12 workers.
 -> (artifact id: '9ff4dccb92e8399553e569a4aefbd8e8') in 0.012311 seconds
Number of updated asset objects reloaded before import = 0
Number of asset objects unloaded after import = 3
========================================================================
Received Import Request.
  Time since last request: 0.000022 seconds.
  path: Assets/TRUNG NGUYEN/Defend Game Basic/Arts/Sprites/Hero/02/Death/Death_04.png
  artifactKey: Guid(e1f452260e0d0d04291aa15960d4d81a) Importer(815301076,1909f56bfc062723c751e8b465ee728b)
Start importing Assets/TRUNG NGUYEN/Defend Game Basic/Arts/Sprites/Hero/02/Death/Death_04.png using Guid(e1f452260e0d0d04291aa15960d4d81a) Importer(815301076,1909f56bfc062723c751e8b465ee728b) [PhysX] Initialized MultithreadedTaskDispatcher with 12 workers.
[PhysX] Initialized MultithreadedTaskDispatcher with 12 workers.
 -> (artifact id: 'e4809374de9b64ec8477ebe9b92a5464') in 0.012063 seconds
Number of updated asset objects reloaded before import = 0
Number of asset objects unloaded after import = 3
========================================================================
Received Import Request.
  Time since last request: 0.000022 seconds.
  path: Assets/TRUNG NGUYEN/Defend Game Basic/Arts/Sprites/Hero/02/Death/Death_08.png
  artifactKey: Guid(bbfc4c8e96fdfbc45a4b2fc1111e020a) Importer(815301076,1909f56bfc062723c751e8b465ee728b)
Start importing Assets/TRUNG NGUYEN/Defend Game Basic/Arts/Sprites/Hero/02/Death/Death_08.png using Guid(bbfc4c8e96fdfbc45a4b2fc1111e020a) Importer(815301076,1909f56bfc062723c751e8b465ee728b) [PhysX] Initialized MultithreadedTaskDispatcher with 12 workers.
[PhysX] Initialized MultithreadedTaskDispatcher with 12 workers.
 -> (artifact id: 'c7a77929b323dc8ddc01084e35eb1278') in 0.012656 seconds
Number of updated asset objects reloaded before import = 0
Number of asset objects unloaded after import = 3
========================================================================
Received Import Request.
  Time since last request: 26.066525 seconds.
  path: Assets/TRUNG NGUYEN/Defend Game Basic/Arts/Sprites/Hero/03/Idle/Idle_01.png
  artifactKey: Guid(20b29eaf5ec88d04fb89e37464d3d3e9) Importer(815301076,1909f56bfc062723c751e8b465ee728b)
Start importing Assets/TRUNG NGUYEN/Defend Game Basic/Arts/Sprites/Hero/03/Idle/Idle_01.png using Guid(20b29eaf5ec88d04fb89e37464d3d3e9) Importer(815301076,1909f56bfc062723c751e8b465ee728b) [PhysX] Initialized MultithreadedTaskDispatcher with 12 workers.
[PhysX] Initialized MultithreadedTaskDispatcher with 12 workers.
 -> (artifact id: 'a8a380267e66c0548473f89446ecbcae') in 0.017803 seconds
Number of updated asset objects reloaded before import = 0
Number of asset objects unloaded after import = 3
========================================================================
Received Import Request.
  Time since last request: 0.000031 seconds.
  path: Assets/TRUNG NGUYEN/Defend Game Basic/Arts/Sprites/Hero/03/Idle/Idle_05.png
  artifactKey: Guid(f8616bea0672f7348a767d6dd1841490) Importer(815301076,1909f56bfc062723c751e8b465ee728b)
Start importing Assets/TRUNG NGUYEN/Defend Game Basic/Arts/Sprites/Hero/03/Idle/Idle_05.png using Guid(f8616bea0672f7348a767d6dd1841490) Importer(815301076,1909f56bfc062723c751e8b465ee728b) [PhysX] Initialized MultithreadedTaskDispatcher with 12 workers.
[PhysX] Initialized MultithreadedTaskDispatcher with 12 workers.
 -> (artifact id: 'df407fce932bf86c2197247fb7b10c10') in 0.118586 seconds
Number of updated asset objects reloaded before import = 0
Number of asset objects unloaded after import = 3
========================================================================
Received Import Request.
  Time since last request: 0.000021 seconds.
  path: Assets/TRUNG NGUYEN/Defend Game Basic/Arts/Sprites/Hero/03/Idle/Idle_09.png
  artifactKey: Guid(0ea28a64fda15f74a91399d5c1ccab3c) Importer(815301076,1909f56bfc062723c751e8b465ee728b)
Start importing Assets/TRUNG NGUYEN/Defend Game Basic/Arts/Sprites/Hero/03/Idle/Idle_09.png using Guid(0ea28a64fda15f74a91399d5c1ccab3c) Importer(815301076,1909f56bfc062723c751e8b465ee728b) [PhysX] Initialized MultithreadedTaskDispatcher with 12 workers.
[PhysX] Initialized MultithreadedTaskDispatcher with 12 workers.
 -> (artifact id: '526c39896736d8f330c3fa88ce92296c') in 0.037715 seconds
Number of updated asset objects reloaded before import = 0
Number of asset objects unloaded after import = 3
========================================================================
Received Import Request.
  Time since last request: 51.413034 seconds.
  path: Assets/TRUNG NGUYEN/Defend Game Basic/Arts/Sprites/Hero/03/Attack/Attack_01.png
  artifactKey: Guid(b97d8378b8343b84db53898a192a0339) Importer(815301076,1909f56bfc062723c751e8b465ee728b)
Start importing Assets/TRUNG NGUYEN/Defend Game Basic/Arts/Sprites/Hero/03/Attack/Attack_01.png using Guid(b97d8378b8343b84db53898a192a0339) Importer(815301076,1909f56bfc062723c751e8b465ee728b) [PhysX] Initialized MultithreadedTaskDispatcher with 12 workers.
[PhysX] Initialized MultithreadedTaskDispatcher with 12 workers.
 -> (artifact id: '5fce00a33e894160bbf80a34251e47a3') in 0.017645 seconds
Number of updated asset objects reloaded before import = 0
Number of asset objects unloaded after import = 3
========================================================================
Received Import Request.
  Time since last request: 0.000027 seconds.
  path: Assets/TRUNG NGUYEN/Defend Game Basic/Arts/Sprites/Hero/03/Attack/Attack_07.png
  artifactKey: Guid(9330f9fd0065f7e4db7defd5b9ca1b59) Importer(815301076,1909f56bfc062723c751e8b465ee728b)
Start importing Assets/TRUNG NGUYEN/Defend Game Basic/Arts/Sprites/Hero/03/Attack/Attack_07.png using Guid(9330f9fd0065f7e4db7defd5b9ca1b59) Importer(815301076,1909f56bfc062723c751e8b465ee728b) [PhysX] Initialized MultithreadedTaskDispatcher with 12 workers.
[PhysX] Initialized MultithreadedTaskDispatcher with 12 workers.
 -> (artifact id: '0c17439d4c20c66bafe111347beffa2a') in 0.032695 seconds
Number of updated asset objects reloaded before import = 0
Number of asset objects unloaded after import = 3
========================================================================
Received Import Request.
  Time since last request: 0.000027 seconds.
  path: Assets/TRUNG NGUYEN/Defend Game Basic/Arts/Sprites/Hero/03/Attack/Attack_04.png
  artifactKey: Guid(c4a9b69b33024d648b4b85ad4e5a8227) Importer(815301076,1909f56bfc062723c751e8b465ee728b)
Start importing Assets/TRUNG NGUYEN/Defend Game Basic/Arts/Sprites/Hero/03/Attack/Attack_04.png using Guid(c4a9b69b33024d648b4b85ad4e5a8227) Importer(815301076,1909f56bfc062723c751e8b465ee728b) [PhysX] Initialized MultithreadedTaskDispatcher with 12 workers.
[PhysX] Initialized MultithreadedTaskDispatcher with 12 workers.
 -> (artifact id: '358e78b868d5c9ac67498f38fd54b364') in 0.015846 seconds
Number of updated asset objects reloaded before import = 0
Number of asset objects unloaded after import = 3
========================================================================
Received Import Request.
  Time since last request: 0.000022 seconds.
  path: Assets/TRUNG NGUYEN/Defend Game Basic/Arts/Sprites/Hero/03/Attack/Attack_09.png
  artifactKey: Guid(9db9cdc5af3154a4da1e2c93a1b52df5) Importer(815301076,1909f56bfc062723c751e8b465ee728b)
Start importing Assets/TRUNG NGUYEN/Defend Game Basic/Arts/Sprites/Hero/03/Attack/Attack_09.png using Guid(9db9cdc5af3154a4da1e2c93a1b52df5) Importer(815301076,1909f56bfc062723c751e8b465ee728b) [PhysX] Initialized MultithreadedTaskDispatcher with 12 workers.
[PhysX] Initialized MultithreadedTaskDispatcher with 12 workers.
 -> (artifact id: '76384f0ed474c9679483f7c0c665499b') in 0.014003 seconds
Number of updated asset objects reloaded before import = 0
Number of asset objects unloaded after import = 3
========================================================================
Received Import Request.
  Time since last request: 19.768442 seconds.
  path: Assets/TRUNG NGUYEN/Defend Game Basic/Arts/Sprites/Hero/03/Death/Death_01.png
  artifactKey: Guid(d5bc83f533f0b5e4db69d115090f52f4) Importer(815301076,1909f56bfc062723c751e8b465ee728b)
Start importing Assets/TRUNG NGUYEN/Defend Game Basic/Arts/Sprites/Hero/03/Death/Death_01.png using Guid(d5bc83f533f0b5e4db69d115090f52f4) Importer(815301076,1909f56bfc062723c751e8b465ee728b) [PhysX] Initialized MultithreadedTaskDispatcher with 12 workers.
[PhysX] Initialized MultithreadedTaskDispatcher with 12 workers.
 -> (artifact id: '8d6aa23ad0b8911852433b64a5fd6385') in 0.013663 seconds
Number of updated asset objects reloaded before import = 0
Number of asset objects unloaded after import = 3
========================================================================
Received Import Request.
  Time since last request: 0.000033 seconds.
  path: Assets/TRUNG NGUYEN/Defend Game Basic/Arts/Sprites/Hero/03/Death/Death_11.png
  artifactKey: Guid(68f3dfa1c705a2547913267ab7ef2c87) Importer(815301076,1909f56bfc062723c751e8b465ee728b)
Start importing Assets/TRUNG NGUYEN/Defend Game Basic/Arts/Sprites/Hero/03/Death/Death_11.png using Guid(68f3dfa1c705a2547913267ab7ef2c87) Importer(815301076,1909f56bfc062723c751e8b465ee728b) [PhysX] Initialized MultithreadedTaskDispatcher with 12 workers.
[PhysX] Initialized MultithreadedTaskDispatcher with 12 workers.
 -> (artifact id: '7f1c3b3c113f80a5ff3a5fca48445fdc') in 0.026070 seconds
Number of updated asset objects reloaded before import = 0
Number of asset objects unloaded after import = 3
========================================================================
Received Import Request.
  Time since last request: 0.000027 seconds.
  path: Assets/TRUNG NGUYEN/Defend Game Basic/Arts/Sprites/Hero/03/Death/Death_04.png
  artifactKey: Guid(2843defcb38206f45a87cb33bfdca9b1) Importer(815301076,1909f56bfc062723c751e8b465ee728b)
Start importing Assets/TRUNG NGUYEN/Defend Game Basic/Arts/Sprites/Hero/03/Death/Death_04.png using Guid(2843defcb38206f45a87cb33bfdca9b1) Importer(815301076,1909f56bfc062723c751e8b465ee728b) [PhysX] Initialized MultithreadedTaskDispatcher with 12 workers.
[PhysX] Initialized MultithreadedTaskDispatcher with 12 workers.
 -> (artifact id: '738873ecba20429a5d1e16d2b85718a7') in 0.023152 seconds
Number of updated asset objects reloaded before import = 0
Number of asset objects unloaded after import = 3
========================================================================
Received Import Request.
  Time since last request: 0.000041 seconds.
  path: Assets/TRUNG NGUYEN/Defend Game Basic/Arts/Sprites/Hero/03/Death/Death_06.png
  artifactKey: Guid(b11d2b320e1fabc4ab1054114514d50d) Importer(815301076,1909f56bfc062723c751e8b465ee728b)
Start importing Assets/TRUNG NGUYEN/Defend Game Basic/Arts/Sprites/Hero/03/Death/Death_06.png using Guid(b11d2b320e1fabc4ab1054114514d50d) Importer(815301076,1909f56bfc062723c751e8b465ee728b) [PhysX] Initialized MultithreadedTaskDispatcher with 12 workers.
[PhysX] Initialized MultithreadedTaskDispatcher with 12 workers.
 -> (artifact id: '5d06fcbd526558148187653f5a39c268') in 0.016380 seconds
Number of updated asset objects reloaded before import = 0
Number of asset objects unloaded after import = 3
Editor requested this worker to shutdown with reason: Scaling down because of idle timeout
TcpMessagingSession - receive error: operation aborted. errorcode: 995, details: I/O-toiminto keskeytettiin joko sikeen poistumisen tai sovelluksen pyynnn vuoksi.
AssetImportWorker is now disconnected from the server
Process exiting
Exiting without the bug reporter. Application will terminate with return code 0